{"name":"Smart cycling app logger","hostname":"DESKTOP-J5FC6DH","pid":32,"level":30,"msg":"Logger component has been initialized","time":"2018-12-07T12:37:15.555Z","v":0}
{"name":"Smart cycling app logger","hostname":"DESKTOP-J5FC6DH","pid":32,"level":30,"msg":"Swagger UI has been initialised. Live API doc available /api-docs URL","time":"2018-12-07T12:37:15.683Z","v":0}
{"name":"Smart cycling app logger","hostname":"DESKTOP-J5FC6DH","pid":32,"level":30,"msg":"PostgreSQL version is: PostgreSQL 9.6.10 on x86_64-pc-mingw64, compiled by gcc.exe (Rev5, Built by MSYS2 project) 4.9.2, 64-bit","time":"2018-12-07T12:37:15.796Z","v":0}
{"name":"Smart cycling app logger","hostname":"DESKTOP-J5FC6DH","pid":13724,"level":30,"msg":"Logger component has been initialized","time":"2018-12-07T12:39:28.744Z","v":0}
{"name":"Smart cycling app logger","hostname":"DESKTOP-J5FC6DH","pid":13724,"level":30,"msg":"Swagger UI has been initialised. Live API doc available /api-docs URL","time":"2018-12-07T12:39:28.873Z","v":0}
{"name":"Smart cycling app logger","hostname":"DESKTOP-J5FC6DH","pid":13724,"level":30,"msg":"PostgreSQL version is: PostgreSQL 9.6.10 on x86_64-pc-mingw64, compiled by gcc.exe (Rev5, Built by MSYS2 project) 4.9.2, 64-bit","time":"2018-12-07T12:39:28.893Z","v":0}
{"name":"Smart cycling app logger","hostname":"DESKTOP-J5FC6DH","pid":18544,"level":30,"msg":"Logger component has been initialized","time":"2018-12-07T12:48:44.101Z","v":0}
{"name":"Smart cycling app logger","hostname":"DESKTOP-J5FC6DH","pid":18544,"level":30,"msg":"Swagger UI has been initialised. Live API doc available /api-docs URL","time":"2018-12-07T12:48:44.234Z","v":0}
{"name":"Smart cycling app logger","hostname":"DESKTOP-J5FC6DH","pid":18544,"level":30,"msg":"PostgreSQL version is: PostgreSQL 9.6.10 on x86_64-pc-mingw64, compiled by gcc.exe (Rev5, Built by MSYS2 project) 4.9.2, 64-bit","time":"2018-12-07T12:48:44.274Z","v":0}
{"name":"Smart cycling app logger","hostname":"DESKTOP-J5FC6DH","pid":16564,"level":30,"msg":"Logger component has been initialized","time":"2018-12-07T12:53:31.365Z","v":0}
{"name":"Smart cycling app logger","hostname":"DESKTOP-J5FC6DH","pid":16564,"level":30,"msg":"Swagger UI has been initialised. Live API doc available /api-docs URL","time":"2018-12-07T12:53:31.489Z","v":0}
{"name":"Smart cycling app logger","hostname":"DESKTOP-J5FC6DH","pid":16564,"level":30,"msg":"PostgreSQL version is: PostgreSQL 9.6.10 on x86_64-pc-mingw64, compiled by gcc.exe (Rev5, Built by MSYS2 project) 4.9.2, 64-bit","time":"2018-12-07T12:53:31.509Z","v":0}
{"name":"Smart cycling app logger","hostname":"DESKTOP-J5FC6DH","pid":8960,"level":30,"msg":"Logger component has been initialized","time":"2018-12-07T12:54:13.022Z","v":0}
{"name":"Smart cycling app logger","hostname":"DESKTOP-J5FC6DH","pid":8960,"level":30,"msg":"Swagger UI has been initialised. Live API doc available /api-docs URL","time":"2018-12-07T12:54:13.145Z","v":0}
{"name":"Smart cycling app logger","hostname":"DESKTOP-J5FC6DH","pid":8960,"level":30,"msg":"PostgreSQL version is: PostgreSQL 9.6.10 on x86_64-pc-mingw64, compiled by gcc.exe (Rev5, Built by MSYS2 project) 4.9.2, 64-bit","time":"2018-12-07T12:54:13.171Z","v":0}
{"name":"Smart cycling app logger","hostname":"DESKTOP-J5FC6DH","pid":8776,"level":30,"msg":"Logger component has been initialized","time":"2018-12-07T12:54:37.251Z","v":0}
{"name":"Smart cycling app logger","hostname":"DESKTOP-J5FC6DH","pid":8776,"level":30,"msg":"Swagger UI has been initialised. Live API doc available /api-docs URL","time":"2018-12-07T12:54:37.376Z","v":0}
{"name":"Smart cycling app logger","hostname":"DESKTOP-J5FC6DH","pid":8776,"level":30,"msg":"PostgreSQL version is: PostgreSQL 9.6.10 on x86_64-pc-mingw64, compiled by gcc.exe (Rev5, Built by MSYS2 project) 4.9.2, 64-bit","time":"2018-12-07T12:54:37.398Z","v":0}
{"name":"Smart cycling app logger","hostname":"DESKTOP-J5FC6DH","pid":8776,"level":50,"err":{"message":"relation \"cycling_routes\" does not exist","name":"error","stack":"error: relation \"cycling_routes\" does not exist\n    at Connection.parseE (D:\\Study\\PDT\\assignment-gis\\backend\\node_modules\\pg\\lib\\connection.js:554:11)\n    at Connection.parseMessage (D:\\Study\\PDT\\assignment-gis\\backend\\node_modules\\pg\\lib\\connection.js:379:19)\n    at Socket.<anonymous> (D:\\Study\\PDT\\assignment-gis\\backend\\node_modules\\pg\\lib\\connection.js:119:22)\n    at Socket.emit (events.js:182:13)\n    at addChunk (_stream_readable.js:283:12)\n    at readableAddChunk (_stream_readable.js:264:11)\n    at Socket.Readable.push (_stream_readable.js:219:10)\n    at TCP.onStreamRead [as onread] (internal/stream_base_commons.js:94:17)","code":"42P01"},"msg":"relation \"cycling_routes\" does not exist","time":"2018-12-07T12:54:41.689Z","v":0}
{"name":"Smart cycling app logger","hostname":"Cmaa-Lenovo-G570","pid":3732,"level":30,"msg":"Logger component has been initialized","time":"2018-12-07T13:11:00.603Z","v":0}
{"name":"Smart cycling app logger","hostname":"Cmaa-Lenovo-G570","pid":3732,"level":30,"msg":"Swagger UI has been initialised. Live API doc available /api-docs URL","time":"2018-12-07T13:11:00.898Z","v":0}
{"name":"Smart cycling app logger","hostname":"Cmaa-Lenovo-G570","pid":3732,"level":30,"msg":"PostgreSQL version is: PostgreSQL 10.6 (Ubuntu 10.6-0ubuntu0.18.04.1) on x86_64-pc-linux-gnu, compiled by gcc (Ubuntu 7.3.0-16ubuntu3) 7.3.0, 64-bit","time":"2018-12-07T13:11:01.111Z","v":0}
{"name":"Smart cycling app logger","hostname":"Cmaa-Lenovo-G570","pid":5765,"level":30,"msg":"Logger component has been initialized","time":"2018-12-07T14:22:56.773Z","v":0}
{"name":"Smart cycling app logger","hostname":"Cmaa-Lenovo-G570","pid":5765,"level":30,"msg":"Swagger UI has been initialised. Live API doc available /api-docs URL","time":"2018-12-07T14:22:57.071Z","v":0}
{"name":"Smart cycling app logger","hostname":"Cmaa-Lenovo-G570","pid":5765,"level":30,"msg":"PostgreSQL version is: PostgreSQL 10.6 (Ubuntu 10.6-0ubuntu0.18.04.1) on x86_64-pc-linux-gnu, compiled by gcc (Ubuntu 7.3.0-16ubuntu3) 7.3.0, 64-bit","time":"2018-12-07T14:22:57.092Z","v":0}
{"name":"Smart cycling app logger","hostname":"Cmaa-Lenovo-G570","pid":5826,"level":30,"msg":"Logger component has been initialized","time":"2018-12-07T14:24:31.567Z","v":0}
{"name":"Smart cycling app logger","hostname":"Cmaa-Lenovo-G570","pid":5826,"level":30,"msg":"Swagger UI has been initialised. Live API doc available /api-docs URL","time":"2018-12-07T14:24:31.869Z","v":0}
{"name":"Smart cycling app logger","hostname":"Cmaa-Lenovo-G570","pid":5826,"level":30,"msg":"PostgreSQL version is: PostgreSQL 10.6 (Ubuntu 10.6-0ubuntu0.18.04.1) on x86_64-pc-linux-gnu, compiled by gcc (Ubuntu 7.3.0-16ubuntu3) 7.3.0, 64-bit","time":"2018-12-07T14:24:31.888Z","v":0}
