{"name":"Smart cycling app logger","hostname":"Cmaa-Lenovo-G570","pid":3611,"level":30,"msg":"Logger component has been initialized","time":"2019-11-08T11:04:30.367Z","v":0}
{"name":"Smart cycling app logger","hostname":"Cmaa-Lenovo-G570","pid":3611,"level":30,"msg":"Swagger UI has been initialised. Live API doc available /api-docs URL","time":"2019-11-08T11:04:31.099Z","v":0}
{"name":"Smart cycling app logger","hostname":"Cmaa-Lenovo-G570","pid":3611,"level":30,"msg":"PostgreSQL version is: PostgreSQL 10.10 (Ubuntu 10.10-0ubuntu0.18.04.1) on x86_64-pc-linux-gnu, compiled by gcc (Ubuntu 7.4.0-1ubuntu1~18.04.1) 7.4.0, 64-bit","time":"2019-11-08T11:04:31.120Z","v":0}
{"name":"Smart cycling app logger","hostname":"Cmaa-Lenovo-G570","pid":3611,"level":30,"msg":"Received weather data from OpenWeatherMap API: [object Object]","time":"2019-11-08T11:09:31.445Z","v":0}
{"name":"Smart cycling app logger","hostname":"Cmaa-Lenovo-G570","pid":3611,"level":30,"msg":"Received weather data from OpenWeatherMap API: [object Object]","time":"2019-11-08T11:09:31.453Z","v":0}
{"name":"Smart cycling app logger","hostname":"Cmaa-Lenovo-G570","pid":3611,"level":30,"msg":"Received weather data from OpenWeatherMap API: [object Object]","time":"2019-11-08T11:09:31.461Z","v":0}
{"name":"Smart cycling app logger","hostname":"Cmaa-Lenovo-G570","pid":3611,"level":30,"msg":"Received weather data from OpenWeatherMap API: [object Object]","time":"2019-11-08T11:09:31.464Z","v":0}
{"name":"Smart cycling app logger","hostname":"Cmaa-Lenovo-G570","pid":3611,"level":30,"msg":"Received weather data from OpenWeatherMap API: [object Object]","time":"2019-11-08T11:09:31.467Z","v":0}
{"name":"Smart cycling app logger","hostname":"Cmaa-Lenovo-G570","pid":3611,"level":30,"msg":"Received weather data from OpenWeatherMap API: [object Object]","time":"2019-11-08T11:09:31.471Z","v":0}
{"name":"Smart cycling app logger","hostname":"Cmaa-Lenovo-G570","pid":3611,"level":30,"msg":"Received weather data from OpenWeatherMap API: [object Object]","time":"2019-11-08T11:09:31.473Z","v":0}
{"name":"Smart cycling app logger","hostname":"Cmaa-Lenovo-G570","pid":3611,"level":30,"msg":"Received weather data from OpenWeatherMap API: [object Object]","time":"2019-11-08T11:09:31.480Z","v":0}
{"name":"Smart cycling app logger","hostname":"Cmaa-Lenovo-G570","pid":3611,"level":30,"msg":"Received weather data from OpenWeatherMap API: [object Object]","time":"2019-11-08T11:09:31.483Z","v":0}
{"name":"Smart cycling app logger","hostname":"Cmaa-Lenovo-G570","pid":3611,"level":30,"msg":"Received weather data from OpenWeatherMap API: [object Object]","time":"2019-11-08T11:09:31.487Z","v":0}
{"name":"Smart cycling app logger","hostname":"Cmaa-Lenovo-G570","pid":3611,"level":30,"msg":"Received weather data from OpenWeatherMap API: [object Object]","time":"2019-11-08T11:09:31.489Z","v":0}
{"name":"Smart cycling app logger","hostname":"Cmaa-Lenovo-G570","pid":3611,"level":30,"msg":"Received weather data from OpenWeatherMap API: [object Object]","time":"2019-11-08T11:09:31.492Z","v":0}
{"name":"Smart cycling app logger","hostname":"Cmaa-Lenovo-G570","pid":3611,"level":30,"msg":"Received weather data from OpenWeatherMap API: [object Object]","time":"2019-11-08T11:09:31.495Z","v":0}
{"name":"Smart cycling app logger","hostname":"Cmaa-Lenovo-G570","pid":3611,"level":30,"msg":"Received weather data from OpenWeatherMap API: [object Object]","time":"2019-11-08T11:09:31.500Z","v":0}
{"name":"Smart cycling app logger","hostname":"Cmaa-Lenovo-G570","pid":3611,"level":30,"msg":"Received weather data from OpenWeatherMap API: [object Object]","time":"2019-11-08T11:09:31.503Z","v":0}
{"name":"Smart cycling app logger","hostname":"Cmaa-Lenovo-G570","pid":3611,"level":30,"msg":"Received weather data from OpenWeatherMap API: [object Object]","time":"2019-11-08T11:09:31.508Z","v":0}
{"name":"Smart cycling app logger","hostname":"Cmaa-Lenovo-G570","pid":3611,"level":30,"msg":"Received weather data from OpenWeatherMap API: [object Object]","time":"2019-11-08T11:09:31.618Z","v":0}
{"name":"Smart cycling app logger","hostname":"Cmaa-Lenovo-G570","pid":3611,"level":30,"msg":"Received weather data from OpenWeatherMap API: [object Object]","time":"2019-11-08T11:09:31.623Z","v":0}
{"name":"Smart cycling app logger","hostname":"Cmaa-Lenovo-G570","pid":3611,"level":30,"msg":"Received weather data from OpenWeatherMap API: [object Object]","time":"2019-11-08T11:09:31.626Z","v":0}
{"name":"Smart cycling app logger","hostname":"Cmaa-Lenovo-G570","pid":3611,"level":30,"msg":"Received weather data from OpenWeatherMap API: [object Object]","time":"2019-11-08T11:09:31.630Z","v":0}
{"name":"Smart cycling app logger","hostname":"Cmaa-Lenovo-G570","pid":3611,"level":30,"msg":"Received weather data from OpenWeatherMap API: [object Object]","time":"2019-11-08T11:09:31.633Z","v":0}
{"name":"Smart cycling app logger","hostname":"Cmaa-Lenovo-G570","pid":3611,"level":30,"msg":"Received weather data from OpenWeatherMap API: [object Object]","time":"2019-11-08T11:09:31.641Z","v":0}
{"name":"Smart cycling app logger","hostname":"Cmaa-Lenovo-G570","pid":3611,"level":30,"msg":"Received weather data from OpenWeatherMap API: [object Object]","time":"2019-11-08T11:09:31.644Z","v":0}
{"name":"Smart cycling app logger","hostname":"Cmaa-Lenovo-G570","pid":3611,"level":30,"msg":"Received weather data from OpenWeatherMap API: [object Object]","time":"2019-11-08T11:09:31.648Z","v":0}
{"name":"Smart cycling app logger","hostname":"Cmaa-Lenovo-G570","pid":3611,"level":30,"msg":"Received weather data from OpenWeatherMap API: [object Object]","time":"2019-11-08T11:09:31.662Z","v":0}
{"name":"Smart cycling app logger","hostname":"Cmaa-Lenovo-G570","pid":3611,"level":30,"msg":"Received weather data from OpenWeatherMap API: [object Object]","time":"2019-11-08T11:09:31.665Z","v":0}
{"name":"Smart cycling app logger","hostname":"Cmaa-Lenovo-G570","pid":3611,"level":30,"msg":"Received weather data from OpenWeatherMap API: [object Object]","time":"2019-11-08T11:09:31.668Z","v":0}
{"name":"Smart cycling app logger","hostname":"Cmaa-Lenovo-G570","pid":3611,"level":30,"msg":"Received weather data from OpenWeatherMap API: [object Object]","time":"2019-11-08T11:09:31.671Z","v":0}
{"name":"Smart cycling app logger","hostname":"Cmaa-Lenovo-G570","pid":3611,"level":30,"msg":"Received weather data from OpenWeatherMap API: [object Object]","time":"2019-11-08T11:09:31.673Z","v":0}
{"name":"Smart cycling app logger","hostname":"Cmaa-Lenovo-G570","pid":3611,"level":30,"msg":"Received weather data from OpenWeatherMap API: [object Object]","time":"2019-11-08T11:09:31.675Z","v":0}
{"name":"Smart cycling app logger","hostname":"Cmaa-Lenovo-G570","pid":3611,"level":30,"msg":"Received weather data from OpenWeatherMap API: [object Object]","time":"2019-11-08T11:09:31.679Z","v":0}
{"name":"Smart cycling app logger","hostname":"Cmaa-Lenovo-G570","pid":3611,"level":30,"msg":"Received weather data from OpenWeatherMap API: [object Object]","time":"2019-11-08T11:09:31.682Z","v":0}
{"name":"Smart cycling app logger","hostname":"Cmaa-Lenovo-G570","pid":3611,"level":30,"msg":"Received weather data from OpenWeatherMap API: [object Object]","time":"2019-11-08T11:09:31.686Z","v":0}
{"name":"Smart cycling app logger","hostname":"Cmaa-Lenovo-G570","pid":3611,"level":30,"msg":"Received weather data from OpenWeatherMap API: [object Object]","time":"2019-11-08T11:09:31.690Z","v":0}
{"name":"Smart cycling app logger","hostname":"Cmaa-Lenovo-G570","pid":3611,"level":30,"msg":"Received weather data from OpenWeatherMap API: [object Object]","time":"2019-11-08T11:09:31.692Z","v":0}
{"name":"Smart cycling app logger","hostname":"Cmaa-Lenovo-G570","pid":3611,"level":30,"msg":"Received weather data from OpenWeatherMap API: [object Object]","time":"2019-11-08T11:09:31.695Z","v":0}
{"name":"Smart cycling app logger","hostname":"Cmaa-Lenovo-G570","pid":3611,"level":30,"msg":"Received weather data from OpenWeatherMap API: [object Object]","time":"2019-11-08T11:09:31.697Z","v":0}
{"name":"Smart cycling app logger","hostname":"Cmaa-Lenovo-G570","pid":3611,"level":30,"msg":"Received weather data from OpenWeatherMap API: [object Object]","time":"2019-11-08T11:09:31.700Z","v":0}
{"name":"Smart cycling app logger","hostname":"Cmaa-Lenovo-G570","pid":3611,"level":30,"msg":"Received weather data from OpenWeatherMap API: [object Object]","time":"2019-11-08T11:09:31.702Z","v":0}
{"name":"Smart cycling app logger","hostname":"Cmaa-Lenovo-G570","pid":3611,"level":30,"msg":"Received weather data from OpenWeatherMap API: [object Object]","time":"2019-11-08T11:09:31.710Z","v":0}
{"name":"Smart cycling app logger","hostname":"Cmaa-Lenovo-G570","pid":3611,"level":30,"msg":"Received weather data from OpenWeatherMap API: [object Object]","time":"2019-11-08T11:09:31.713Z","v":0}
{"name":"Smart cycling app logger","hostname":"Cmaa-Lenovo-G570","pid":3611,"level":30,"msg":"Received weather data from OpenWeatherMap API: [object Object]","time":"2019-11-08T11:09:31.716Z","v":0}
{"name":"Smart cycling app logger","hostname":"Cmaa-Lenovo-G570","pid":3611,"level":30,"msg":"Received weather data from OpenWeatherMap API: [object Object]","time":"2019-11-08T11:09:31.718Z","v":0}
{"name":"Smart cycling app logger","hostname":"Cmaa-Lenovo-G570","pid":3611,"level":30,"msg":"Received weather data from OpenWeatherMap API: [object Object]","time":"2019-11-08T11:09:31.721Z","v":0}
{"name":"Smart cycling app logger","hostname":"Cmaa-Lenovo-G570","pid":3611,"level":30,"msg":"Received weather data from OpenWeatherMap API: [object Object]","time":"2019-11-08T11:09:31.723Z","v":0}
{"name":"Smart cycling app logger","hostname":"Cmaa-Lenovo-G570","pid":3611,"level":30,"msg":"Received weather data from OpenWeatherMap API: [object Object]","time":"2019-11-08T11:09:31.726Z","v":0}
{"name":"Smart cycling app logger","hostname":"Cmaa-Lenovo-G570","pid":3611,"level":30,"msg":"Received weather data from OpenWeatherMap API: [object Object]","time":"2019-11-08T11:09:31.728Z","v":0}
{"name":"Smart cycling app logger","hostname":"Cmaa-Lenovo-G570","pid":3611,"level":30,"msg":"Weather data for track points were saved successfully, DB response: [object Object]","time":"2019-11-08T11:09:31.745Z","v":0}
{"name":"Smart cycling app logger","hostname":"Cmaa-Lenovo-G570","pid":3611,"level":30,"msg":"Weather data for track points were saved successfully, DB response: [object Object]","time":"2019-11-08T11:09:31.759Z","v":0}
{"name":"Smart cycling app logger","hostname":"Cmaa-Lenovo-G570","pid":3611,"level":30,"msg":"Weather data for track points were saved successfully, DB response: [object Object]","time":"2019-11-08T11:09:31.760Z","v":0}
{"name":"Smart cycling app logger","hostname":"Cmaa-Lenovo-G570","pid":3611,"level":30,"msg":"Weather data for track points were saved successfully, DB response: [object Object]","time":"2019-11-08T11:09:31.760Z","v":0}
{"name":"Smart cycling app logger","hostname":"Cmaa-Lenovo-G570","pid":3611,"level":30,"msg":"Weather data for track points were saved successfully, DB response: [object Object]","time":"2019-11-08T11:09:31.763Z","v":0}
{"name":"Smart cycling app logger","hostname":"Cmaa-Lenovo-G570","pid":3611,"level":30,"msg":"Weather data for track points were saved successfully, DB response: [object Object]","time":"2019-11-08T11:09:31.763Z","v":0}
{"name":"Smart cycling app logger","hostname":"Cmaa-Lenovo-G570","pid":3611,"level":30,"msg":"Weather data for track points were saved successfully, DB response: [object Object]","time":"2019-11-08T11:09:31.763Z","v":0}
{"name":"Smart cycling app logger","hostname":"Cmaa-Lenovo-G570","pid":3611,"level":30,"msg":"Weather data for track points were saved successfully, DB response: [object Object]","time":"2019-11-08T11:09:31.764Z","v":0}
{"name":"Smart cycling app logger","hostname":"Cmaa-Lenovo-G570","pid":3611,"level":30,"msg":"Weather data for track points were saved successfully, DB response: [object Object]","time":"2019-11-08T11:09:31.764Z","v":0}
{"name":"Smart cycling app logger","hostname":"Cmaa-Lenovo-G570","pid":3611,"level":30,"msg":"Weather data for track points were saved successfully, DB response: [object Object]","time":"2019-11-08T11:09:31.765Z","v":0}
{"name":"Smart cycling app logger","hostname":"Cmaa-Lenovo-G570","pid":3611,"level":30,"msg":"Weather data for track points were saved successfully, DB response: [object Object]","time":"2019-11-08T11:09:31.768Z","v":0}
{"name":"Smart cycling app logger","hostname":"Cmaa-Lenovo-G570","pid":3611,"level":30,"msg":"Weather data for track points were saved successfully, DB response: [object Object]","time":"2019-11-08T11:09:31.769Z","v":0}
{"name":"Smart cycling app logger","hostname":"Cmaa-Lenovo-G570","pid":3611,"level":30,"msg":"Weather data for track points were saved successfully, DB response: [object Object]","time":"2019-11-08T11:09:31.769Z","v":0}
{"name":"Smart cycling app logger","hostname":"Cmaa-Lenovo-G570","pid":3611,"level":30,"msg":"Weather data for track points were saved successfully, DB response: [object Object]","time":"2019-11-08T11:09:31.769Z","v":0}
{"name":"Smart cycling app logger","hostname":"Cmaa-Lenovo-G570","pid":3611,"level":30,"msg":"Weather data for track points were saved successfully, DB response: [object Object]","time":"2019-11-08T11:09:31.772Z","v":0}
{"name":"Smart cycling app logger","hostname":"Cmaa-Lenovo-G570","pid":3611,"level":30,"msg":"Weather data for track points were saved successfully, DB response: [object Object]","time":"2019-11-08T11:09:31.773Z","v":0}
{"name":"Smart cycling app logger","hostname":"Cmaa-Lenovo-G570","pid":3611,"level":30,"msg":"Weather data for track points were saved successfully, DB response: [object Object]","time":"2019-11-08T11:09:31.773Z","v":0}
{"name":"Smart cycling app logger","hostname":"Cmaa-Lenovo-G570","pid":3611,"level":30,"msg":"Weather data for track points were saved successfully, DB response: [object Object]","time":"2019-11-08T11:09:31.785Z","v":0}
{"name":"Smart cycling app logger","hostname":"Cmaa-Lenovo-G570","pid":3611,"level":30,"msg":"Weather data for track points were saved successfully, DB response: [object Object]","time":"2019-11-08T11:09:31.797Z","v":0}
{"name":"Smart cycling app logger","hostname":"Cmaa-Lenovo-G570","pid":3611,"level":30,"msg":"Weather data for track points were saved successfully, DB response: [object Object]","time":"2019-11-08T11:09:31.797Z","v":0}
{"name":"Smart cycling app logger","hostname":"Cmaa-Lenovo-G570","pid":3611,"level":30,"msg":"Weather data for track points were saved successfully, DB response: [object Object]","time":"2019-11-08T11:09:31.798Z","v":0}
{"name":"Smart cycling app logger","hostname":"Cmaa-Lenovo-G570","pid":3611,"level":30,"msg":"Weather data for track points were saved successfully, DB response: [object Object]","time":"2019-11-08T11:09:31.799Z","v":0}
{"name":"Smart cycling app logger","hostname":"Cmaa-Lenovo-G570","pid":3611,"level":30,"msg":"Weather data for track points were saved successfully, DB response: [object Object]","time":"2019-11-08T11:09:31.799Z","v":0}
{"name":"Smart cycling app logger","hostname":"Cmaa-Lenovo-G570","pid":3611,"level":30,"msg":"Weather data for track points were saved successfully, DB response: [object Object]","time":"2019-11-08T11:09:31.800Z","v":0}
{"name":"Smart cycling app logger","hostname":"Cmaa-Lenovo-G570","pid":3611,"level":30,"msg":"Weather data for track points were saved successfully, DB response: [object Object]","time":"2019-11-08T11:09:31.801Z","v":0}
{"name":"Smart cycling app logger","hostname":"Cmaa-Lenovo-G570","pid":3611,"level":30,"msg":"Weather data for track points were saved successfully, DB response: [object Object]","time":"2019-11-08T11:09:31.801Z","v":0}
{"name":"Smart cycling app logger","hostname":"Cmaa-Lenovo-G570","pid":3611,"level":30,"msg":"Weather data for track points were saved successfully, DB response: [object Object]","time":"2019-11-08T11:09:31.802Z","v":0}
{"name":"Smart cycling app logger","hostname":"Cmaa-Lenovo-G570","pid":3611,"level":30,"msg":"Weather data for track points were saved successfully, DB response: [object Object]","time":"2019-11-08T11:09:31.804Z","v":0}
{"name":"Smart cycling app logger","hostname":"Cmaa-Lenovo-G570","pid":3611,"level":30,"msg":"Weather data for track points were saved successfully, DB response: [object Object]","time":"2019-11-08T11:09:31.804Z","v":0}
{"name":"Smart cycling app logger","hostname":"Cmaa-Lenovo-G570","pid":3611,"level":30,"msg":"Weather data for track points were saved successfully, DB response: [object Object]","time":"2019-11-08T11:09:31.804Z","v":0}
{"name":"Smart cycling app logger","hostname":"Cmaa-Lenovo-G570","pid":3611,"level":30,"msg":"Weather data for track points were saved successfully, DB response: [object Object]","time":"2019-11-08T11:09:31.804Z","v":0}
{"name":"Smart cycling app logger","hostname":"Cmaa-Lenovo-G570","pid":3611,"level":30,"msg":"Weather data for track points were saved successfully, DB response: [object Object]","time":"2019-11-08T11:09:31.804Z","v":0}
{"name":"Smart cycling app logger","hostname":"Cmaa-Lenovo-G570","pid":3611,"level":30,"msg":"Weather data for track points were saved successfully, DB response: [object Object]","time":"2019-11-08T11:09:31.805Z","v":0}
{"name":"Smart cycling app logger","hostname":"Cmaa-Lenovo-G570","pid":3611,"level":30,"msg":"Weather data for track points were saved successfully, DB response: [object Object]","time":"2019-11-08T11:09:31.805Z","v":0}
{"name":"Smart cycling app logger","hostname":"Cmaa-Lenovo-G570","pid":3611,"level":30,"msg":"Weather data for track points were saved successfully, DB response: [object Object]","time":"2019-11-08T11:09:31.805Z","v":0}
{"name":"Smart cycling app logger","hostname":"Cmaa-Lenovo-G570","pid":3611,"level":30,"msg":"Weather data for track points were saved successfully, DB response: [object Object]","time":"2019-11-08T11:09:31.805Z","v":0}
{"name":"Smart cycling app logger","hostname":"Cmaa-Lenovo-G570","pid":3611,"level":30,"msg":"Weather data for track points were saved successfully, DB response: [object Object]","time":"2019-11-08T11:09:31.807Z","v":0}
{"name":"Smart cycling app logger","hostname":"Cmaa-Lenovo-G570","pid":3611,"level":30,"msg":"Weather data for track points were saved successfully, DB response: [object Object]","time":"2019-11-08T11:09:31.818Z","v":0}
{"name":"Smart cycling app logger","hostname":"Cmaa-Lenovo-G570","pid":3611,"level":30,"msg":"Weather data for track points were saved successfully, DB response: [object Object]","time":"2019-11-08T11:09:31.819Z","v":0}
{"name":"Smart cycling app logger","hostname":"Cmaa-Lenovo-G570","pid":3611,"level":30,"msg":"Weather data for track points were saved successfully, DB response: [object Object]","time":"2019-11-08T11:09:31.819Z","v":0}
{"name":"Smart cycling app logger","hostname":"Cmaa-Lenovo-G570","pid":3611,"level":30,"msg":"Weather data for track points were saved successfully, DB response: [object Object]","time":"2019-11-08T11:09:31.819Z","v":0}
{"name":"Smart cycling app logger","hostname":"Cmaa-Lenovo-G570","pid":3611,"level":30,"msg":"Weather data for track points were saved successfully, DB response: [object Object]","time":"2019-11-08T11:09:31.819Z","v":0}
{"name":"Smart cycling app logger","hostname":"Cmaa-Lenovo-G570","pid":3611,"level":30,"msg":"Weather data for track points were saved successfully, DB response: [object Object]","time":"2019-11-08T11:09:31.819Z","v":0}
{"name":"Smart cycling app logger","hostname":"Cmaa-Lenovo-G570","pid":3611,"level":30,"msg":"Weather data for track points were saved successfully, DB response: [object Object]","time":"2019-11-08T11:09:31.819Z","v":0}
{"name":"Smart cycling app logger","hostname":"Cmaa-Lenovo-G570","pid":3611,"level":30,"msg":"Weather data for track points were saved successfully, DB response: [object Object]","time":"2019-11-08T11:09:31.819Z","v":0}
{"name":"Smart cycling app logger","hostname":"Cmaa-Lenovo-G570","pid":3611,"level":30,"msg":"Weather data for track points were saved successfully, DB response: [object Object]","time":"2019-11-08T11:09:31.819Z","v":0}
{"name":"Smart cycling app logger","hostname":"Cmaa-Lenovo-G570","pid":3611,"level":30,"msg":"Weather data for track points were saved successfully, DB response: [object Object]","time":"2019-11-08T11:09:31.819Z","v":0}
{"name":"Smart cycling app logger","hostname":"Cmaa-Lenovo-G570","pid":3611,"level":30,"msg":"Received weather data from OpenWeatherMap API: [object Object]","time":"2019-11-08T11:14:30.785Z","v":0}
{"name":"Smart cycling app logger","hostname":"Cmaa-Lenovo-G570","pid":3611,"level":30,"msg":"Received weather data from OpenWeatherMap API: [object Object]","time":"2019-11-08T11:14:30.787Z","v":0}
{"name":"Smart cycling app logger","hostname":"Cmaa-Lenovo-G570","pid":3611,"level":30,"msg":"Received weather data from OpenWeatherMap API: [object Object]","time":"2019-11-08T11:14:30.792Z","v":0}
{"name":"Smart cycling app logger","hostname":"Cmaa-Lenovo-G570","pid":3611,"level":30,"msg":"Received weather data from OpenWeatherMap API: [object Object]","time":"2019-11-08T11:14:30.795Z","v":0}
{"name":"Smart cycling app logger","hostname":"Cmaa-Lenovo-G570","pid":3611,"level":30,"msg":"Received weather data from OpenWeatherMap API: [object Object]","time":"2019-11-08T11:14:30.796Z","v":0}
{"name":"Smart cycling app logger","hostname":"Cmaa-Lenovo-G570","pid":3611,"level":30,"msg":"Received weather data from OpenWeatherMap API: [object Object]","time":"2019-11-08T11:14:30.798Z","v":0}
{"name":"Smart cycling app logger","hostname":"Cmaa-Lenovo-G570","pid":3611,"level":30,"msg":"Received weather data from OpenWeatherMap API: [object Object]","time":"2019-11-08T11:14:30.800Z","v":0}
{"name":"Smart cycling app logger","hostname":"Cmaa-Lenovo-G570","pid":3611,"level":30,"msg":"Received weather data from OpenWeatherMap API: [object Object]","time":"2019-11-08T11:14:30.803Z","v":0}
{"name":"Smart cycling app logger","hostname":"Cmaa-Lenovo-G570","pid":3611,"level":30,"msg":"Received weather data from OpenWeatherMap API: [object Object]","time":"2019-11-08T11:14:30.807Z","v":0}
{"name":"Smart cycling app logger","hostname":"Cmaa-Lenovo-G570","pid":3611,"level":30,"msg":"Received weather data from OpenWeatherMap API: [object Object]","time":"2019-11-08T11:14:30.813Z","v":0}
{"name":"Smart cycling app logger","hostname":"Cmaa-Lenovo-G570","pid":3611,"level":30,"msg":"Received weather data from OpenWeatherMap API: [object Object]","time":"2019-11-08T11:14:30.819Z","v":0}
{"name":"Smart cycling app logger","hostname":"Cmaa-Lenovo-G570","pid":3611,"level":30,"msg":"Received weather data from OpenWeatherMap API: [object Object]","time":"2019-11-08T11:14:30.822Z","v":0}
{"name":"Smart cycling app logger","hostname":"Cmaa-Lenovo-G570","pid":3611,"level":30,"msg":"Received weather data from OpenWeatherMap API: [object Object]","time":"2019-11-08T11:14:30.832Z","v":0}
{"name":"Smart cycling app logger","hostname":"Cmaa-Lenovo-G570","pid":3611,"level":30,"msg":"Received weather data from OpenWeatherMap API: [object Object]","time":"2019-11-08T11:14:30.837Z","v":0}
{"name":"Smart cycling app logger","hostname":"Cmaa-Lenovo-G570","pid":3611,"level":30,"msg":"Received weather data from OpenWeatherMap API: [object Object]","time":"2019-11-08T11:14:30.839Z","v":0}
{"name":"Smart cycling app logger","hostname":"Cmaa-Lenovo-G570","pid":3611,"level":30,"msg":"Received weather data from OpenWeatherMap API: [object Object]","time":"2019-11-08T11:14:30.840Z","v":0}
{"name":"Smart cycling app logger","hostname":"Cmaa-Lenovo-G570","pid":3611,"level":30,"msg":"Received weather data from OpenWeatherMap API: [object Object]","time":"2019-11-08T11:14:30.841Z","v":0}
{"name":"Smart cycling app logger","hostname":"Cmaa-Lenovo-G570","pid":3611,"level":30,"msg":"Received weather data from OpenWeatherMap API: [object Object]","time":"2019-11-08T11:14:30.842Z","v":0}
{"name":"Smart cycling app logger","hostname":"Cmaa-Lenovo-G570","pid":3611,"level":30,"msg":"Received weather data from OpenWeatherMap API: [object Object]","time":"2019-11-08T11:14:30.843Z","v":0}
{"name":"Smart cycling app logger","hostname":"Cmaa-Lenovo-G570","pid":3611,"level":30,"msg":"Received weather data from OpenWeatherMap API: [object Object]","time":"2019-11-08T11:14:30.844Z","v":0}
{"name":"Smart cycling app logger","hostname":"Cmaa-Lenovo-G570","pid":3611,"level":30,"msg":"Received weather data from OpenWeatherMap API: [object Object]","time":"2019-11-08T11:14:30.845Z","v":0}
{"name":"Smart cycling app logger","hostname":"Cmaa-Lenovo-G570","pid":3611,"level":30,"msg":"Received weather data from OpenWeatherMap API: [object Object]","time":"2019-11-08T11:14:30.846Z","v":0}
{"name":"Smart cycling app logger","hostname":"Cmaa-Lenovo-G570","pid":3611,"level":30,"msg":"Received weather data from OpenWeatherMap API: [object Object]","time":"2019-11-08T11:14:30.847Z","v":0}
{"name":"Smart cycling app logger","hostname":"Cmaa-Lenovo-G570","pid":3611,"level":30,"msg":"Received weather data from OpenWeatherMap API: [object Object]","time":"2019-11-08T11:14:30.847Z","v":0}
{"name":"Smart cycling app logger","hostname":"Cmaa-Lenovo-G570","pid":3611,"level":30,"msg":"Received weather data from OpenWeatherMap API: [object Object]","time":"2019-11-08T11:14:30.848Z","v":0}
{"name":"Smart cycling app logger","hostname":"Cmaa-Lenovo-G570","pid":3611,"level":30,"msg":"Received weather data from OpenWeatherMap API: [object Object]","time":"2019-11-08T11:14:30.849Z","v":0}
{"name":"Smart cycling app logger","hostname":"Cmaa-Lenovo-G570","pid":3611,"level":30,"msg":"Received weather data from OpenWeatherMap API: [object Object]","time":"2019-11-08T11:14:30.849Z","v":0}
{"name":"Smart cycling app logger","hostname":"Cmaa-Lenovo-G570","pid":3611,"level":30,"msg":"Received weather data from OpenWeatherMap API: [object Object]","time":"2019-11-08T11:14:30.850Z","v":0}
{"name":"Smart cycling app logger","hostname":"Cmaa-Lenovo-G570","pid":3611,"level":30,"msg":"Received weather data from OpenWeatherMap API: [object Object]","time":"2019-11-08T11:14:30.851Z","v":0}
{"name":"Smart cycling app logger","hostname":"Cmaa-Lenovo-G570","pid":3611,"level":30,"msg":"Received weather data from OpenWeatherMap API: [object Object]","time":"2019-11-08T11:14:30.851Z","v":0}
{"name":"Smart cycling app logger","hostname":"Cmaa-Lenovo-G570","pid":3611,"level":30,"msg":"Received weather data from OpenWeatherMap API: [object Object]","time":"2019-11-08T11:14:30.852Z","v":0}
{"name":"Smart cycling app logger","hostname":"Cmaa-Lenovo-G570","pid":3611,"level":30,"msg":"Received weather data from OpenWeatherMap API: [object Object]","time":"2019-11-08T11:14:30.853Z","v":0}
{"name":"Smart cycling app logger","hostname":"Cmaa-Lenovo-G570","pid":3611,"level":30,"msg":"Received weather data from OpenWeatherMap API: [object Object]","time":"2019-11-08T11:14:30.854Z","v":0}
{"name":"Smart cycling app logger","hostname":"Cmaa-Lenovo-G570","pid":3611,"level":30,"msg":"Received weather data from OpenWeatherMap API: [object Object]","time":"2019-11-08T11:14:30.866Z","v":0}
{"name":"Smart cycling app logger","hostname":"Cmaa-Lenovo-G570","pid":3611,"level":30,"msg":"Received weather data from OpenWeatherMap API: [object Object]","time":"2019-11-08T11:14:30.866Z","v":0}
{"name":"Smart cycling app logger","hostname":"Cmaa-Lenovo-G570","pid":3611,"level":30,"msg":"Received weather data from OpenWeatherMap API: [object Object]","time":"2019-11-08T11:14:30.867Z","v":0}
{"name":"Smart cycling app logger","hostname":"Cmaa-Lenovo-G570","pid":3611,"level":30,"msg":"Received weather data from OpenWeatherMap API: [object Object]","time":"2019-11-08T11:14:30.868Z","v":0}
{"name":"Smart cycling app logger","hostname":"Cmaa-Lenovo-G570","pid":3611,"level":30,"msg":"Received weather data from OpenWeatherMap API: [object Object]","time":"2019-11-08T11:14:30.869Z","v":0}
{"name":"Smart cycling app logger","hostname":"Cmaa-Lenovo-G570","pid":3611,"level":30,"msg":"Received weather data from OpenWeatherMap API: [object Object]","time":"2019-11-08T11:14:30.869Z","v":0}
{"name":"Smart cycling app logger","hostname":"Cmaa-Lenovo-G570","pid":3611,"level":30,"msg":"Received weather data from OpenWeatherMap API: [object Object]","time":"2019-11-08T11:14:30.870Z","v":0}
{"name":"Smart cycling app logger","hostname":"Cmaa-Lenovo-G570","pid":3611,"level":30,"msg":"Received weather data from OpenWeatherMap API: [object Object]","time":"2019-11-08T11:14:30.871Z","v":0}
{"name":"Smart cycling app logger","hostname":"Cmaa-Lenovo-G570","pid":3611,"level":30,"msg":"Received weather data from OpenWeatherMap API: [object Object]","time":"2019-11-08T11:14:30.872Z","v":0}
{"name":"Smart cycling app logger","hostname":"Cmaa-Lenovo-G570","pid":3611,"level":30,"msg":"Received weather data from OpenWeatherMap API: [object Object]","time":"2019-11-08T11:14:30.873Z","v":0}
{"name":"Smart cycling app logger","hostname":"Cmaa-Lenovo-G570","pid":3611,"level":30,"msg":"Received weather data from OpenWeatherMap API: [object Object]","time":"2019-11-08T11:14:30.874Z","v":0}
{"name":"Smart cycling app logger","hostname":"Cmaa-Lenovo-G570","pid":3611,"level":30,"msg":"Received weather data from OpenWeatherMap API: [object Object]","time":"2019-11-08T11:14:30.875Z","v":0}
{"name":"Smart cycling app logger","hostname":"Cmaa-Lenovo-G570","pid":3611,"level":30,"msg":"Weather data for track points were saved successfully, DB response: [object Object]","time":"2019-11-08T11:14:30.876Z","v":0}
{"name":"Smart cycling app logger","hostname":"Cmaa-Lenovo-G570","pid":3611,"level":30,"msg":"Received weather data from OpenWeatherMap API: [object Object]","time":"2019-11-08T11:14:30.877Z","v":0}
{"name":"Smart cycling app logger","hostname":"Cmaa-Lenovo-G570","pid":3611,"level":30,"msg":"Received weather data from OpenWeatherMap API: [object Object]","time":"2019-11-08T11:14:30.877Z","v":0}
{"name":"Smart cycling app logger","hostname":"Cmaa-Lenovo-G570","pid":3611,"level":30,"msg":"Weather data for track points were saved successfully, DB response: [object Object]","time":"2019-11-08T11:14:30.898Z","v":0}
{"name":"Smart cycling app logger","hostname":"Cmaa-Lenovo-G570","pid":3611,"level":30,"msg":"Weather data for track points were saved successfully, DB response: [object Object]","time":"2019-11-08T11:14:30.898Z","v":0}
{"name":"Smart cycling app logger","hostname":"Cmaa-Lenovo-G570","pid":3611,"level":30,"msg":"Weather data for track points were saved successfully, DB response: [object Object]","time":"2019-11-08T11:14:30.899Z","v":0}
{"name":"Smart cycling app logger","hostname":"Cmaa-Lenovo-G570","pid":3611,"level":30,"msg":"Weather data for track points were saved successfully, DB response: [object Object]","time":"2019-11-08T11:14:30.905Z","v":0}
{"name":"Smart cycling app logger","hostname":"Cmaa-Lenovo-G570","pid":3611,"level":30,"msg":"Weather data for track points were saved successfully, DB response: [object Object]","time":"2019-11-08T11:14:30.906Z","v":0}
{"name":"Smart cycling app logger","hostname":"Cmaa-Lenovo-G570","pid":3611,"level":30,"msg":"Weather data for track points were saved successfully, DB response: [object Object]","time":"2019-11-08T11:14:30.906Z","v":0}
{"name":"Smart cycling app logger","hostname":"Cmaa-Lenovo-G570","pid":3611,"level":30,"msg":"Weather data for track points were saved successfully, DB response: [object Object]","time":"2019-11-08T11:14:30.907Z","v":0}
{"name":"Smart cycling app logger","hostname":"Cmaa-Lenovo-G570","pid":3611,"level":30,"msg":"Weather data for track points were saved successfully, DB response: [object Object]","time":"2019-11-08T11:14:30.911Z","v":0}
{"name":"Smart cycling app logger","hostname":"Cmaa-Lenovo-G570","pid":3611,"level":30,"msg":"Weather data for track points were saved successfully, DB response: [object Object]","time":"2019-11-08T11:14:30.917Z","v":0}
{"name":"Smart cycling app logger","hostname":"Cmaa-Lenovo-G570","pid":3611,"level":30,"msg":"Weather data for track points were saved successfully, DB response: [object Object]","time":"2019-11-08T11:14:30.917Z","v":0}
{"name":"Smart cycling app logger","hostname":"Cmaa-Lenovo-G570","pid":3611,"level":30,"msg":"Weather data for track points were saved successfully, DB response: [object Object]","time":"2019-11-08T11:14:30.918Z","v":0}
{"name":"Smart cycling app logger","hostname":"Cmaa-Lenovo-G570","pid":3611,"level":30,"msg":"Weather data for track points were saved successfully, DB response: [object Object]","time":"2019-11-08T11:14:30.919Z","v":0}
{"name":"Smart cycling app logger","hostname":"Cmaa-Lenovo-G570","pid":3611,"level":30,"msg":"Weather data for track points were saved successfully, DB response: [object Object]","time":"2019-11-08T11:14:30.928Z","v":0}
{"name":"Smart cycling app logger","hostname":"Cmaa-Lenovo-G570","pid":3611,"level":30,"msg":"Weather data for track points were saved successfully, DB response: [object Object]","time":"2019-11-08T11:14:30.929Z","v":0}
{"name":"Smart cycling app logger","hostname":"Cmaa-Lenovo-G570","pid":3611,"level":30,"msg":"Weather data for track points were saved successfully, DB response: [object Object]","time":"2019-11-08T11:14:30.929Z","v":0}
{"name":"Smart cycling app logger","hostname":"Cmaa-Lenovo-G570","pid":3611,"level":30,"msg":"Weather data for track points were saved successfully, DB response: [object Object]","time":"2019-11-08T11:14:30.930Z","v":0}
{"name":"Smart cycling app logger","hostname":"Cmaa-Lenovo-G570","pid":3611,"level":30,"msg":"Weather data for track points were saved successfully, DB response: [object Object]","time":"2019-11-08T11:14:30.930Z","v":0}
{"name":"Smart cycling app logger","hostname":"Cmaa-Lenovo-G570","pid":3611,"level":30,"msg":"Weather data for track points were saved successfully, DB response: [object Object]","time":"2019-11-08T11:14:30.930Z","v":0}
{"name":"Smart cycling app logger","hostname":"Cmaa-Lenovo-G570","pid":3611,"level":30,"msg":"Weather data for track points were saved successfully, DB response: [object Object]","time":"2019-11-08T11:14:30.931Z","v":0}
{"name":"Smart cycling app logger","hostname":"Cmaa-Lenovo-G570","pid":3611,"level":30,"msg":"Weather data for track points were saved successfully, DB response: [object Object]","time":"2019-11-08T11:14:30.931Z","v":0}
{"name":"Smart cycling app logger","hostname":"Cmaa-Lenovo-G570","pid":3611,"level":30,"msg":"Weather data for track points were saved successfully, DB response: [object Object]","time":"2019-11-08T11:14:30.932Z","v":0}
{"name":"Smart cycling app logger","hostname":"Cmaa-Lenovo-G570","pid":3611,"level":30,"msg":"Weather data for track points were saved successfully, DB response: [object Object]","time":"2019-11-08T11:14:30.940Z","v":0}
{"name":"Smart cycling app logger","hostname":"Cmaa-Lenovo-G570","pid":3611,"level":30,"msg":"Weather data for track points were saved successfully, DB response: [object Object]","time":"2019-11-08T11:14:30.940Z","v":0}
{"name":"Smart cycling app logger","hostname":"Cmaa-Lenovo-G570","pid":3611,"level":30,"msg":"Weather data for track points were saved successfully, DB response: [object Object]","time":"2019-11-08T11:14:30.941Z","v":0}
{"name":"Smart cycling app logger","hostname":"Cmaa-Lenovo-G570","pid":3611,"level":30,"msg":"Weather data for track points were saved successfully, DB response: [object Object]","time":"2019-11-08T11:14:30.941Z","v":0}
{"name":"Smart cycling app logger","hostname":"Cmaa-Lenovo-G570","pid":3611,"level":30,"msg":"Weather data for track points were saved successfully, DB response: [object Object]","time":"2019-11-08T11:14:30.941Z","v":0}
{"name":"Smart cycling app logger","hostname":"Cmaa-Lenovo-G570","pid":3611,"level":30,"msg":"Weather data for track points were saved successfully, DB response: [object Object]","time":"2019-11-08T11:14:30.941Z","v":0}
{"name":"Smart cycling app logger","hostname":"Cmaa-Lenovo-G570","pid":3611,"level":30,"msg":"Weather data for track points were saved successfully, DB response: [object Object]","time":"2019-11-08T11:14:30.942Z","v":0}
{"name":"Smart cycling app logger","hostname":"Cmaa-Lenovo-G570","pid":3611,"level":30,"msg":"Weather data for track points were saved successfully, DB response: [object Object]","time":"2019-11-08T11:14:30.942Z","v":0}
{"name":"Smart cycling app logger","hostname":"Cmaa-Lenovo-G570","pid":3611,"level":30,"msg":"Weather data for track points were saved successfully, DB response: [object Object]","time":"2019-11-08T11:14:30.942Z","v":0}
{"name":"Smart cycling app logger","hostname":"Cmaa-Lenovo-G570","pid":3611,"level":30,"msg":"Weather data for track points were saved successfully, DB response: [object Object]","time":"2019-11-08T11:14:30.943Z","v":0}
{"name":"Smart cycling app logger","hostname":"Cmaa-Lenovo-G570","pid":3611,"level":30,"msg":"Weather data for track points were saved successfully, DB response: [object Object]","time":"2019-11-08T11:14:30.951Z","v":0}
{"name":"Smart cycling app logger","hostname":"Cmaa-Lenovo-G570","pid":3611,"level":30,"msg":"Weather data for track points were saved successfully, DB response: [object Object]","time":"2019-11-08T11:14:30.951Z","v":0}
{"name":"Smart cycling app logger","hostname":"Cmaa-Lenovo-G570","pid":3611,"level":30,"msg":"Weather data for track points were saved successfully, DB response: [object Object]","time":"2019-11-08T11:14:30.951Z","v":0}
{"name":"Smart cycling app logger","hostname":"Cmaa-Lenovo-G570","pid":3611,"level":30,"msg":"Weather data for track points were saved successfully, DB response: [object Object]","time":"2019-11-08T11:14:30.951Z","v":0}
{"name":"Smart cycling app logger","hostname":"Cmaa-Lenovo-G570","pid":3611,"level":30,"msg":"Weather data for track points were saved successfully, DB response: [object Object]","time":"2019-11-08T11:14:30.951Z","v":0}
{"name":"Smart cycling app logger","hostname":"Cmaa-Lenovo-G570","pid":3611,"level":30,"msg":"Weather data for track points were saved successfully, DB response: [object Object]","time":"2019-11-08T11:14:30.951Z","v":0}
{"name":"Smart cycling app logger","hostname":"Cmaa-Lenovo-G570","pid":3611,"level":30,"msg":"Weather data for track points were saved successfully, DB response: [object Object]","time":"2019-11-08T11:14:30.951Z","v":0}
{"name":"Smart cycling app logger","hostname":"Cmaa-Lenovo-G570","pid":3611,"level":30,"msg":"Weather data for track points were saved successfully, DB response: [object Object]","time":"2019-11-08T11:14:30.951Z","v":0}
{"name":"Smart cycling app logger","hostname":"Cmaa-Lenovo-G570","pid":3611,"level":30,"msg":"Weather data for track points were saved successfully, DB response: [object Object]","time":"2019-11-08T11:14:30.951Z","v":0}
{"name":"Smart cycling app logger","hostname":"Cmaa-Lenovo-G570","pid":3611,"level":30,"msg":"Weather data for track points were saved successfully, DB response: [object Object]","time":"2019-11-08T11:14:30.952Z","v":0}
{"name":"Smart cycling app logger","hostname":"Cmaa-Lenovo-G570","pid":3611,"level":30,"msg":"Weather data for track points were saved successfully, DB response: [object Object]","time":"2019-11-08T11:14:30.961Z","v":0}
{"name":"Smart cycling app logger","hostname":"Cmaa-Lenovo-G570","pid":3611,"level":30,"msg":"Weather data for track points were saved successfully, DB response: [object Object]","time":"2019-11-08T11:14:30.962Z","v":0}
{"name":"Smart cycling app logger","hostname":"Cmaa-Lenovo-G570","pid":3611,"level":30,"msg":"Weather data for track points were saved successfully, DB response: [object Object]","time":"2019-11-08T11:14:30.962Z","v":0}
{"name":"Smart cycling app logger","hostname":"Cmaa-Lenovo-G570","pid":3611,"level":30,"msg":"Weather data for track points were saved successfully, DB response: [object Object]","time":"2019-11-08T11:14:30.962Z","v":0}
{"name":"Smart cycling app logger","hostname":"Cmaa-Lenovo-G570","pid":3611,"level":30,"msg":"Weather data for track points were saved successfully, DB response: [object Object]","time":"2019-11-08T11:14:30.962Z","v":0}
