{"name":"Smart cycling app logger","hostname":"Cmaa-Lenovo-G570","pid":5591,"level":30,"msg":"Logger component has been initialized","time":"2019-12-12T09:10:53.832Z","v":0}
{"name":"Smart cycling app logger","hostname":"Cmaa-Lenovo-G570","pid":5591,"level":30,"msg":"Swagger UI has been initialised. Live API doc available /api-docs URL","time":"2019-12-12T09:10:54.143Z","v":0}
{"name":"Smart cycling app logger","hostname":"Cmaa-Lenovo-G570","pid":5591,"level":30,"msg":"PostgreSQL version is: PostgreSQL 10.11 (Ubuntu 10.11-1.pgdg18.04+1) on x86_64-pc-linux-gnu, compiled by gcc (Ubuntu 7.4.0-1ubuntu1~18.04.1) 7.4.0, 64-bit","time":"2019-12-12T09:10:54.161Z","v":0}
{"name":"Smart cycling app logger","hostname":"Cmaa-Lenovo-G570","pid":5970,"level":30,"msg":"Logger component has been initialized","time":"2019-12-12T09:15:10.619Z","v":0}
{"name":"Smart cycling app logger","hostname":"Cmaa-Lenovo-G570","pid":5970,"level":30,"msg":"Swagger UI has been initialised. Live API doc available /api-docs URL","time":"2019-12-12T09:15:10.906Z","v":0}
{"name":"Smart cycling app logger","hostname":"Cmaa-Lenovo-G570","pid":5970,"level":30,"msg":"PostgreSQL version is: PostgreSQL 10.11 (Ubuntu 10.11-1.pgdg18.04+1) on x86_64-pc-linux-gnu, compiled by gcc (Ubuntu 7.4.0-1ubuntu1~18.04.1) 7.4.0, 64-bit","time":"2019-12-12T09:15:10.923Z","v":0}
{"name":"Smart cycling app logger","hostname":"Cmaa-Lenovo-G570","pid":5970,"level":30,"msg":"Received weather data from OpenWeatherMap API: [object Object]","time":"2019-12-12T09:20:11.051Z","v":0}
{"name":"Smart cycling app logger","hostname":"Cmaa-Lenovo-G570","pid":5970,"level":30,"msg":"Received weather data from OpenWeatherMap API: [object Object]","time":"2019-12-12T09:20:11.054Z","v":0}
{"name":"Smart cycling app logger","hostname":"Cmaa-Lenovo-G570","pid":5970,"level":30,"msg":"Received weather data from OpenWeatherMap API: [object Object]","time":"2019-12-12T09:20:11.059Z","v":0}
{"name":"Smart cycling app logger","hostname":"Cmaa-Lenovo-G570","pid":5970,"level":30,"msg":"Received weather data from OpenWeatherMap API: [object Object]","time":"2019-12-12T09:20:11.067Z","v":0}
{"name":"Smart cycling app logger","hostname":"Cmaa-Lenovo-G570","pid":5970,"level":30,"msg":"Received weather data from OpenWeatherMap API: [object Object]","time":"2019-12-12T09:20:11.079Z","v":0}
{"name":"Smart cycling app logger","hostname":"Cmaa-Lenovo-G570","pid":5970,"level":30,"msg":"Received weather data from OpenWeatherMap API: [object Object]","time":"2019-12-12T09:20:11.082Z","v":0}
{"name":"Smart cycling app logger","hostname":"Cmaa-Lenovo-G570","pid":5970,"level":30,"msg":"Received weather data from OpenWeatherMap API: [object Object]","time":"2019-12-12T09:20:11.083Z","v":0}
{"name":"Smart cycling app logger","hostname":"Cmaa-Lenovo-G570","pid":5970,"level":30,"msg":"Received weather data from OpenWeatherMap API: [object Object]","time":"2019-12-12T09:20:11.085Z","v":0}
{"name":"Smart cycling app logger","hostname":"Cmaa-Lenovo-G570","pid":5970,"level":30,"msg":"Received weather data from OpenWeatherMap API: [object Object]","time":"2019-12-12T09:20:11.093Z","v":0}
{"name":"Smart cycling app logger","hostname":"Cmaa-Lenovo-G570","pid":5970,"level":30,"msg":"Received weather data from OpenWeatherMap API: [object Object]","time":"2019-12-12T09:20:11.094Z","v":0}
{"name":"Smart cycling app logger","hostname":"Cmaa-Lenovo-G570","pid":5970,"level":30,"msg":"Received weather data from OpenWeatherMap API: [object Object]","time":"2019-12-12T09:20:11.096Z","v":0}
{"name":"Smart cycling app logger","hostname":"Cmaa-Lenovo-G570","pid":5970,"level":30,"msg":"Received weather data from OpenWeatherMap API: [object Object]","time":"2019-12-12T09:20:11.097Z","v":0}
{"name":"Smart cycling app logger","hostname":"Cmaa-Lenovo-G570","pid":5970,"level":30,"msg":"Received weather data from OpenWeatherMap API: [object Object]","time":"2019-12-12T09:20:11.099Z","v":0}
{"name":"Smart cycling app logger","hostname":"Cmaa-Lenovo-G570","pid":5970,"level":30,"msg":"Received weather data from OpenWeatherMap API: [object Object]","time":"2019-12-12T09:20:11.105Z","v":0}
{"name":"Smart cycling app logger","hostname":"Cmaa-Lenovo-G570","pid":5970,"level":30,"msg":"Received weather data from OpenWeatherMap API: [object Object]","time":"2019-12-12T09:20:11.108Z","v":0}
{"name":"Smart cycling app logger","hostname":"Cmaa-Lenovo-G570","pid":5970,"level":30,"msg":"Received weather data from OpenWeatherMap API: [object Object]","time":"2019-12-12T09:20:11.120Z","v":0}
{"name":"Smart cycling app logger","hostname":"Cmaa-Lenovo-G570","pid":5970,"level":30,"msg":"Received weather data from OpenWeatherMap API: [object Object]","time":"2019-12-12T09:20:11.287Z","v":0}
{"name":"Smart cycling app logger","hostname":"Cmaa-Lenovo-G570","pid":5970,"level":30,"msg":"Received weather data from OpenWeatherMap API: [object Object]","time":"2019-12-12T09:20:11.291Z","v":0}
{"name":"Smart cycling app logger","hostname":"Cmaa-Lenovo-G570","pid":5970,"level":30,"msg":"Received weather data from OpenWeatherMap API: [object Object]","time":"2019-12-12T09:20:11.307Z","v":0}
{"name":"Smart cycling app logger","hostname":"Cmaa-Lenovo-G570","pid":5970,"level":30,"msg":"Weather data for track points were saved successfully, DB response: [object Object]","time":"2019-12-12T09:20:11.854Z","v":0}
{"name":"Smart cycling app logger","hostname":"Cmaa-Lenovo-G570","pid":5970,"level":30,"msg":"Weather data for track points were saved successfully, DB response: [object Object]","time":"2019-12-12T09:20:11.855Z","v":0}
{"name":"Smart cycling app logger","hostname":"Cmaa-Lenovo-G570","pid":5970,"level":30,"msg":"Weather data for track points were saved successfully, DB response: [object Object]","time":"2019-12-12T09:20:11.855Z","v":0}
{"name":"Smart cycling app logger","hostname":"Cmaa-Lenovo-G570","pid":5970,"level":30,"msg":"Weather data for track points were saved successfully, DB response: [object Object]","time":"2019-12-12T09:20:11.855Z","v":0}
{"name":"Smart cycling app logger","hostname":"Cmaa-Lenovo-G570","pid":5970,"level":30,"msg":"Weather data for track points were saved successfully, DB response: [object Object]","time":"2019-12-12T09:20:11.855Z","v":0}
{"name":"Smart cycling app logger","hostname":"Cmaa-Lenovo-G570","pid":5970,"level":30,"msg":"Weather data for track points were saved successfully, DB response: [object Object]","time":"2019-12-12T09:20:11.855Z","v":0}
{"name":"Smart cycling app logger","hostname":"Cmaa-Lenovo-G570","pid":5970,"level":30,"msg":"Weather data for track points were saved successfully, DB response: [object Object]","time":"2019-12-12T09:20:11.855Z","v":0}
{"name":"Smart cycling app logger","hostname":"Cmaa-Lenovo-G570","pid":5970,"level":30,"msg":"Weather data for track points were saved successfully, DB response: [object Object]","time":"2019-12-12T09:20:11.856Z","v":0}
{"name":"Smart cycling app logger","hostname":"Cmaa-Lenovo-G570","pid":5970,"level":30,"msg":"Weather data for track points were saved successfully, DB response: [object Object]","time":"2019-12-12T09:20:11.856Z","v":0}
{"name":"Smart cycling app logger","hostname":"Cmaa-Lenovo-G570","pid":5970,"level":30,"msg":"Weather data for track points were saved successfully, DB response: [object Object]","time":"2019-12-12T09:20:11.856Z","v":0}
{"name":"Smart cycling app logger","hostname":"Cmaa-Lenovo-G570","pid":5970,"level":30,"msg":"Weather data for track points were saved successfully, DB response: [object Object]","time":"2019-12-12T09:20:11.856Z","v":0}
{"name":"Smart cycling app logger","hostname":"Cmaa-Lenovo-G570","pid":5970,"level":30,"msg":"Weather data for track points were saved successfully, DB response: [object Object]","time":"2019-12-12T09:20:11.856Z","v":0}
{"name":"Smart cycling app logger","hostname":"Cmaa-Lenovo-G570","pid":5970,"level":30,"msg":"Weather data for track points were saved successfully, DB response: [object Object]","time":"2019-12-12T09:20:11.856Z","v":0}
{"name":"Smart cycling app logger","hostname":"Cmaa-Lenovo-G570","pid":5970,"level":30,"msg":"Weather data for track points were saved successfully, DB response: [object Object]","time":"2019-12-12T09:20:11.856Z","v":0}
{"name":"Smart cycling app logger","hostname":"Cmaa-Lenovo-G570","pid":5970,"level":30,"msg":"Weather data for track points were saved successfully, DB response: [object Object]","time":"2019-12-12T09:20:11.856Z","v":0}
{"name":"Smart cycling app logger","hostname":"Cmaa-Lenovo-G570","pid":5970,"level":30,"msg":"Weather data for track points were saved successfully, DB response: [object Object]","time":"2019-12-12T09:20:11.857Z","v":0}
{"name":"Smart cycling app logger","hostname":"Cmaa-Lenovo-G570","pid":5970,"level":30,"msg":"Weather data for track points were saved successfully, DB response: [object Object]","time":"2019-12-12T09:20:11.857Z","v":0}
{"name":"Smart cycling app logger","hostname":"Cmaa-Lenovo-G570","pid":5970,"level":30,"msg":"Weather data for track points were saved successfully, DB response: [object Object]","time":"2019-12-12T09:20:11.857Z","v":0}
{"name":"Smart cycling app logger","hostname":"Cmaa-Lenovo-G570","pid":5970,"level":30,"msg":"Weather data for track points were saved successfully, DB response: [object Object]","time":"2019-12-12T09:20:11.857Z","v":0}
{"name":"Smart cycling app logger","hostname":"Cmaa-Lenovo-G570","pid":5970,"level":30,"msg":"Received weather data from OpenWeatherMap API: [object Object]","time":"2019-12-12T09:20:12.062Z","v":0}
{"name":"Smart cycling app logger","hostname":"Cmaa-Lenovo-G570","pid":5970,"level":30,"msg":"Received weather data from OpenWeatherMap API: [object Object]","time":"2019-12-12T09:20:12.074Z","v":0}
{"name":"Smart cycling app logger","hostname":"Cmaa-Lenovo-G570","pid":5970,"level":30,"msg":"Received weather data from OpenWeatherMap API: [object Object]","time":"2019-12-12T09:20:12.078Z","v":0}
{"name":"Smart cycling app logger","hostname":"Cmaa-Lenovo-G570","pid":5970,"level":30,"msg":"Received weather data from OpenWeatherMap API: [object Object]","time":"2019-12-12T09:20:12.083Z","v":0}
{"name":"Smart cycling app logger","hostname":"Cmaa-Lenovo-G570","pid":5970,"level":30,"msg":"Received weather data from OpenWeatherMap API: [object Object]","time":"2019-12-12T09:20:12.089Z","v":0}
{"name":"Smart cycling app logger","hostname":"Cmaa-Lenovo-G570","pid":5970,"level":30,"msg":"Received weather data from OpenWeatherMap API: [object Object]","time":"2019-12-12T09:20:12.092Z","v":0}
{"name":"Smart cycling app logger","hostname":"Cmaa-Lenovo-G570","pid":5970,"level":30,"msg":"Received weather data from OpenWeatherMap API: [object Object]","time":"2019-12-12T09:20:12.097Z","v":0}
{"name":"Smart cycling app logger","hostname":"Cmaa-Lenovo-G570","pid":5970,"level":30,"msg":"Received weather data from OpenWeatherMap API: [object Object]","time":"2019-12-12T09:20:12.101Z","v":0}
{"name":"Smart cycling app logger","hostname":"Cmaa-Lenovo-G570","pid":5970,"level":30,"msg":"Received weather data from OpenWeatherMap API: [object Object]","time":"2019-12-12T09:20:12.105Z","v":0}
{"name":"Smart cycling app logger","hostname":"Cmaa-Lenovo-G570","pid":5970,"level":30,"msg":"Received weather data from OpenWeatherMap API: [object Object]","time":"2019-12-12T09:20:12.108Z","v":0}
{"name":"Smart cycling app logger","hostname":"Cmaa-Lenovo-G570","pid":5970,"level":30,"msg":"Received weather data from OpenWeatherMap API: [object Object]","time":"2019-12-12T09:20:12.113Z","v":0}
{"name":"Smart cycling app logger","hostname":"Cmaa-Lenovo-G570","pid":5970,"level":30,"msg":"Received weather data from OpenWeatherMap API: [object Object]","time":"2019-12-12T09:20:12.118Z","v":0}
{"name":"Smart cycling app logger","hostname":"Cmaa-Lenovo-G570","pid":5970,"level":30,"msg":"Weather data for track points were saved successfully, DB response: [object Object]","time":"2019-12-12T09:20:12.210Z","v":0}
{"name":"Smart cycling app logger","hostname":"Cmaa-Lenovo-G570","pid":5970,"level":30,"msg":"Weather data for track points were saved successfully, DB response: [object Object]","time":"2019-12-12T09:20:12.310Z","v":0}
{"name":"Smart cycling app logger","hostname":"Cmaa-Lenovo-G570","pid":5970,"level":30,"msg":"Weather data for track points were saved successfully, DB response: [object Object]","time":"2019-12-12T09:20:12.310Z","v":0}
{"name":"Smart cycling app logger","hostname":"Cmaa-Lenovo-G570","pid":5970,"level":30,"msg":"Weather data for track points were saved successfully, DB response: [object Object]","time":"2019-12-12T09:20:12.311Z","v":0}
{"name":"Smart cycling app logger","hostname":"Cmaa-Lenovo-G570","pid":5970,"level":30,"msg":"Weather data for track points were saved successfully, DB response: [object Object]","time":"2019-12-12T09:20:12.311Z","v":0}
{"name":"Smart cycling app logger","hostname":"Cmaa-Lenovo-G570","pid":5970,"level":30,"msg":"Weather data for track points were saved successfully, DB response: [object Object]","time":"2019-12-12T09:20:12.311Z","v":0}
{"name":"Smart cycling app logger","hostname":"Cmaa-Lenovo-G570","pid":5970,"level":30,"msg":"Weather data for track points were saved successfully, DB response: [object Object]","time":"2019-12-12T09:20:12.311Z","v":0}
{"name":"Smart cycling app logger","hostname":"Cmaa-Lenovo-G570","pid":5970,"level":30,"msg":"Weather data for track points were saved successfully, DB response: [object Object]","time":"2019-12-12T09:20:12.311Z","v":0}
{"name":"Smart cycling app logger","hostname":"Cmaa-Lenovo-G570","pid":5970,"level":30,"msg":"Weather data for track points were saved successfully, DB response: [object Object]","time":"2019-12-12T09:20:12.311Z","v":0}
{"name":"Smart cycling app logger","hostname":"Cmaa-Lenovo-G570","pid":5970,"level":30,"msg":"Weather data for track points were saved successfully, DB response: [object Object]","time":"2019-12-12T09:20:12.311Z","v":0}
{"name":"Smart cycling app logger","hostname":"Cmaa-Lenovo-G570","pid":5970,"level":30,"msg":"Weather data for track points were saved successfully, DB response: [object Object]","time":"2019-12-12T09:20:12.311Z","v":0}
{"name":"Smart cycling app logger","hostname":"Cmaa-Lenovo-G570","pid":5970,"level":30,"msg":"Weather data for track points were saved successfully, DB response: [object Object]","time":"2019-12-12T09:20:12.311Z","v":0}
{"name":"Smart cycling app logger","hostname":"Cmaa-Lenovo-G570","pid":5970,"level":30,"msg":"Received weather data from OpenWeatherMap API: [object Object]","time":"2019-12-12T09:20:14.456Z","v":0}
{"name":"Smart cycling app logger","hostname":"Cmaa-Lenovo-G570","pid":5970,"level":30,"msg":"Received weather data from OpenWeatherMap API: [object Object]","time":"2019-12-12T09:20:14.460Z","v":0}
{"name":"Smart cycling app logger","hostname":"Cmaa-Lenovo-G570","pid":5970,"level":30,"msg":"Received weather data from OpenWeatherMap API: [object Object]","time":"2019-12-12T09:20:14.464Z","v":0}
{"name":"Smart cycling app logger","hostname":"Cmaa-Lenovo-G570","pid":5970,"level":30,"msg":"Received weather data from OpenWeatherMap API: [object Object]","time":"2019-12-12T09:20:14.467Z","v":0}
{"name":"Smart cycling app logger","hostname":"Cmaa-Lenovo-G570","pid":5970,"level":30,"msg":"Received weather data from OpenWeatherMap API: [object Object]","time":"2019-12-12T09:20:14.471Z","v":0}
{"name":"Smart cycling app logger","hostname":"Cmaa-Lenovo-G570","pid":5970,"level":30,"msg":"Received weather data from OpenWeatherMap API: [object Object]","time":"2019-12-12T09:20:14.474Z","v":0}
{"name":"Smart cycling app logger","hostname":"Cmaa-Lenovo-G570","pid":5970,"level":30,"msg":"Received weather data from OpenWeatherMap API: [object Object]","time":"2019-12-12T09:20:14.477Z","v":0}
{"name":"Smart cycling app logger","hostname":"Cmaa-Lenovo-G570","pid":5970,"level":30,"msg":"Received weather data from OpenWeatherMap API: [object Object]","time":"2019-12-12T09:20:14.481Z","v":0}
{"name":"Smart cycling app logger","hostname":"Cmaa-Lenovo-G570","pid":5970,"level":30,"msg":"Received weather data from OpenWeatherMap API: [object Object]","time":"2019-12-12T09:20:14.487Z","v":0}
{"name":"Smart cycling app logger","hostname":"Cmaa-Lenovo-G570","pid":5970,"level":30,"msg":"Weather data for track points were saved successfully, DB response: [object Object]","time":"2019-12-12T09:20:15.050Z","v":0}
{"name":"Smart cycling app logger","hostname":"Cmaa-Lenovo-G570","pid":5970,"level":30,"msg":"Weather data for track points were saved successfully, DB response: [object Object]","time":"2019-12-12T09:20:15.644Z","v":0}
{"name":"Smart cycling app logger","hostname":"Cmaa-Lenovo-G570","pid":5970,"level":30,"msg":"Weather data for track points were saved successfully, DB response: [object Object]","time":"2019-12-12T09:20:15.644Z","v":0}
{"name":"Smart cycling app logger","hostname":"Cmaa-Lenovo-G570","pid":5970,"level":30,"msg":"Weather data for track points were saved successfully, DB response: [object Object]","time":"2019-12-12T09:20:15.644Z","v":0}
{"name":"Smart cycling app logger","hostname":"Cmaa-Lenovo-G570","pid":5970,"level":30,"msg":"Weather data for track points were saved successfully, DB response: [object Object]","time":"2019-12-12T09:20:15.644Z","v":0}
{"name":"Smart cycling app logger","hostname":"Cmaa-Lenovo-G570","pid":5970,"level":30,"msg":"Weather data for track points were saved successfully, DB response: [object Object]","time":"2019-12-12T09:20:15.644Z","v":0}
{"name":"Smart cycling app logger","hostname":"Cmaa-Lenovo-G570","pid":5970,"level":30,"msg":"Weather data for track points were saved successfully, DB response: [object Object]","time":"2019-12-12T09:20:15.645Z","v":0}
{"name":"Smart cycling app logger","hostname":"Cmaa-Lenovo-G570","pid":5970,"level":30,"msg":"Weather data for track points were saved successfully, DB response: [object Object]","time":"2019-12-12T09:20:15.645Z","v":0}
{"name":"Smart cycling app logger","hostname":"Cmaa-Lenovo-G570","pid":5970,"level":30,"msg":"Weather data for track points were saved successfully, DB response: [object Object]","time":"2019-12-12T09:20:15.645Z","v":0}
{"name":"Smart cycling app logger","hostname":"Cmaa-Lenovo-G570","pid":5970,"level":30,"msg":"Received weather data from OpenWeatherMap API: [object Object]","time":"2019-12-12T09:20:18.413Z","v":0}
{"name":"Smart cycling app logger","hostname":"Cmaa-Lenovo-G570","pid":5970,"level":30,"msg":"Received weather data from OpenWeatherMap API: [object Object]","time":"2019-12-12T09:20:18.611Z","v":0}
{"name":"Smart cycling app logger","hostname":"Cmaa-Lenovo-G570","pid":5970,"level":30,"msg":"Received weather data from OpenWeatherMap API: [object Object]","time":"2019-12-12T09:20:18.615Z","v":0}
{"name":"Smart cycling app logger","hostname":"Cmaa-Lenovo-G570","pid":5970,"level":30,"msg":"Received weather data from OpenWeatherMap API: [object Object]","time":"2019-12-12T09:20:18.621Z","v":0}
{"name":"Smart cycling app logger","hostname":"Cmaa-Lenovo-G570","pid":5970,"level":30,"msg":"Received weather data from OpenWeatherMap API: [object Object]","time":"2019-12-12T09:20:18.627Z","v":0}
{"name":"Smart cycling app logger","hostname":"Cmaa-Lenovo-G570","pid":5970,"level":30,"msg":"Received weather data from OpenWeatherMap API: [object Object]","time":"2019-12-12T09:20:18.630Z","v":0}
{"name":"Smart cycling app logger","hostname":"Cmaa-Lenovo-G570","pid":5970,"level":30,"msg":"Received weather data from OpenWeatherMap API: [object Object]","time":"2019-12-12T09:20:18.634Z","v":0}
{"name":"Smart cycling app logger","hostname":"Cmaa-Lenovo-G570","pid":5970,"level":30,"msg":"Weather data for track points were saved successfully, DB response: [object Object]","time":"2019-12-12T09:20:19.007Z","v":0}
{"name":"Smart cycling app logger","hostname":"Cmaa-Lenovo-G570","pid":5970,"level":30,"msg":"Weather data for track points were saved successfully, DB response: [object Object]","time":"2019-12-12T09:20:19.799Z","v":0}
{"name":"Smart cycling app logger","hostname":"Cmaa-Lenovo-G570","pid":5970,"level":30,"msg":"Weather data for track points were saved successfully, DB response: [object Object]","time":"2019-12-12T09:20:19.799Z","v":0}
{"name":"Smart cycling app logger","hostname":"Cmaa-Lenovo-G570","pid":5970,"level":30,"msg":"Weather data for track points were saved successfully, DB response: [object Object]","time":"2019-12-12T09:20:19.799Z","v":0}
{"name":"Smart cycling app logger","hostname":"Cmaa-Lenovo-G570","pid":5970,"level":30,"msg":"Weather data for track points were saved successfully, DB response: [object Object]","time":"2019-12-12T09:20:19.799Z","v":0}
{"name":"Smart cycling app logger","hostname":"Cmaa-Lenovo-G570","pid":5970,"level":30,"msg":"Weather data for track points were saved successfully, DB response: [object Object]","time":"2019-12-12T09:20:19.799Z","v":0}
{"name":"Smart cycling app logger","hostname":"Cmaa-Lenovo-G570","pid":5970,"level":30,"msg":"Weather data for track points were saved successfully, DB response: [object Object]","time":"2019-12-12T09:20:19.800Z","v":0}
{"name":"Smart cycling app logger","hostname":"Cmaa-Lenovo-G570","pid":5970,"level":30,"msg":"Received weather data from OpenWeatherMap API: [object Object]","time":"2019-12-12T09:25:11.009Z","v":0}
{"name":"Smart cycling app logger","hostname":"Cmaa-Lenovo-G570","pid":5970,"level":30,"msg":"Received weather data from OpenWeatherMap API: [object Object]","time":"2019-12-12T09:25:11.012Z","v":0}
{"name":"Smart cycling app logger","hostname":"Cmaa-Lenovo-G570","pid":5970,"level":30,"msg":"Received weather data from OpenWeatherMap API: [object Object]","time":"2019-12-12T09:25:11.018Z","v":0}
{"name":"Smart cycling app logger","hostname":"Cmaa-Lenovo-G570","pid":5970,"level":30,"msg":"Received weather data from OpenWeatherMap API: [object Object]","time":"2019-12-12T09:25:11.022Z","v":0}
{"name":"Smart cycling app logger","hostname":"Cmaa-Lenovo-G570","pid":5970,"level":30,"msg":"Received weather data from OpenWeatherMap API: [object Object]","time":"2019-12-12T09:25:11.027Z","v":0}
{"name":"Smart cycling app logger","hostname":"Cmaa-Lenovo-G570","pid":5970,"level":30,"msg":"Received weather data from OpenWeatherMap API: [object Object]","time":"2019-12-12T09:25:11.028Z","v":0}
{"name":"Smart cycling app logger","hostname":"Cmaa-Lenovo-G570","pid":5970,"level":30,"msg":"Received weather data from OpenWeatherMap API: [object Object]","time":"2019-12-12T09:25:11.033Z","v":0}
{"name":"Smart cycling app logger","hostname":"Cmaa-Lenovo-G570","pid":5970,"level":30,"msg":"Received weather data from OpenWeatherMap API: [object Object]","time":"2019-12-12T09:25:11.036Z","v":0}
{"name":"Smart cycling app logger","hostname":"Cmaa-Lenovo-G570","pid":5970,"level":30,"msg":"Received weather data from OpenWeatherMap API: [object Object]","time":"2019-12-12T09:25:11.040Z","v":0}
{"name":"Smart cycling app logger","hostname":"Cmaa-Lenovo-G570","pid":5970,"level":30,"msg":"Received weather data from OpenWeatherMap API: [object Object]","time":"2019-12-12T09:25:11.043Z","v":0}
{"name":"Smart cycling app logger","hostname":"Cmaa-Lenovo-G570","pid":5970,"level":30,"msg":"Weather data for track points were saved successfully, DB response: [object Object]","time":"2019-12-12T09:25:11.055Z","v":0}
{"name":"Smart cycling app logger","hostname":"Cmaa-Lenovo-G570","pid":5970,"level":30,"msg":"Weather data for track points were saved successfully, DB response: [object Object]","time":"2019-12-12T09:25:11.064Z","v":0}
{"name":"Smart cycling app logger","hostname":"Cmaa-Lenovo-G570","pid":5970,"level":30,"msg":"Weather data for track points were saved successfully, DB response: [object Object]","time":"2019-12-12T09:25:11.065Z","v":0}
{"name":"Smart cycling app logger","hostname":"Cmaa-Lenovo-G570","pid":5970,"level":30,"msg":"Weather data for track points were saved successfully, DB response: [object Object]","time":"2019-12-12T09:25:11.076Z","v":0}
{"name":"Smart cycling app logger","hostname":"Cmaa-Lenovo-G570","pid":5970,"level":30,"msg":"Weather data for track points were saved successfully, DB response: [object Object]","time":"2019-12-12T09:25:11.076Z","v":0}
{"name":"Smart cycling app logger","hostname":"Cmaa-Lenovo-G570","pid":5970,"level":30,"msg":"Weather data for track points were saved successfully, DB response: [object Object]","time":"2019-12-12T09:25:11.076Z","v":0}
{"name":"Smart cycling app logger","hostname":"Cmaa-Lenovo-G570","pid":5970,"level":30,"msg":"Weather data for track points were saved successfully, DB response: [object Object]","time":"2019-12-12T09:25:11.077Z","v":0}
{"name":"Smart cycling app logger","hostname":"Cmaa-Lenovo-G570","pid":5970,"level":30,"msg":"Weather data for track points were saved successfully, DB response: [object Object]","time":"2019-12-12T09:25:11.077Z","v":0}
{"name":"Smart cycling app logger","hostname":"Cmaa-Lenovo-G570","pid":5970,"level":30,"msg":"Weather data for track points were saved successfully, DB response: [object Object]","time":"2019-12-12T09:25:11.087Z","v":0}
{"name":"Smart cycling app logger","hostname":"Cmaa-Lenovo-G570","pid":5970,"level":30,"msg":"Weather data for track points were saved successfully, DB response: [object Object]","time":"2019-12-12T09:25:11.088Z","v":0}
{"name":"Smart cycling app logger","hostname":"Cmaa-Lenovo-G570","pid":5970,"level":30,"msg":"Received weather data from OpenWeatherMap API: [object Object]","time":"2019-12-12T09:25:12.026Z","v":0}
{"name":"Smart cycling app logger","hostname":"Cmaa-Lenovo-G570","pid":5970,"level":30,"msg":"Received weather data from OpenWeatherMap API: [object Object]","time":"2019-12-12T09:25:12.029Z","v":0}
{"name":"Smart cycling app logger","hostname":"Cmaa-Lenovo-G570","pid":5970,"level":30,"msg":"Received weather data from OpenWeatherMap API: [object Object]","time":"2019-12-12T09:25:12.032Z","v":0}
{"name":"Smart cycling app logger","hostname":"Cmaa-Lenovo-G570","pid":5970,"level":30,"msg":"Received weather data from OpenWeatherMap API: [object Object]","time":"2019-12-12T09:25:12.034Z","v":0}
{"name":"Smart cycling app logger","hostname":"Cmaa-Lenovo-G570","pid":5970,"level":30,"msg":"Received weather data from OpenWeatherMap API: [object Object]","time":"2019-12-12T09:25:12.037Z","v":0}
{"name":"Smart cycling app logger","hostname":"Cmaa-Lenovo-G570","pid":5970,"level":30,"msg":"Received weather data from OpenWeatherMap API: [object Object]","time":"2019-12-12T09:25:12.042Z","v":0}
{"name":"Smart cycling app logger","hostname":"Cmaa-Lenovo-G570","pid":5970,"level":30,"msg":"Received weather data from OpenWeatherMap API: [object Object]","time":"2019-12-12T09:25:12.044Z","v":0}
{"name":"Smart cycling app logger","hostname":"Cmaa-Lenovo-G570","pid":5970,"level":30,"msg":"Received weather data from OpenWeatherMap API: [object Object]","time":"2019-12-12T09:25:12.046Z","v":0}
{"name":"Smart cycling app logger","hostname":"Cmaa-Lenovo-G570","pid":5970,"level":30,"msg":"Received weather data from OpenWeatherMap API: [object Object]","time":"2019-12-12T09:25:12.047Z","v":0}
{"name":"Smart cycling app logger","hostname":"Cmaa-Lenovo-G570","pid":5970,"level":30,"msg":"Weather data for track points were saved successfully, DB response: [object Object]","time":"2019-12-12T09:25:12.065Z","v":0}
{"name":"Smart cycling app logger","hostname":"Cmaa-Lenovo-G570","pid":5970,"level":30,"msg":"Weather data for track points were saved successfully, DB response: [object Object]","time":"2019-12-12T09:25:12.077Z","v":0}
{"name":"Smart cycling app logger","hostname":"Cmaa-Lenovo-G570","pid":5970,"level":30,"msg":"Weather data for track points were saved successfully, DB response: [object Object]","time":"2019-12-12T09:25:12.077Z","v":0}
{"name":"Smart cycling app logger","hostname":"Cmaa-Lenovo-G570","pid":5970,"level":30,"msg":"Weather data for track points were saved successfully, DB response: [object Object]","time":"2019-12-12T09:25:12.077Z","v":0}
{"name":"Smart cycling app logger","hostname":"Cmaa-Lenovo-G570","pid":5970,"level":30,"msg":"Weather data for track points were saved successfully, DB response: [object Object]","time":"2019-12-12T09:25:12.077Z","v":0}
{"name":"Smart cycling app logger","hostname":"Cmaa-Lenovo-G570","pid":5970,"level":30,"msg":"Weather data for track points were saved successfully, DB response: [object Object]","time":"2019-12-12T09:25:12.077Z","v":0}
{"name":"Smart cycling app logger","hostname":"Cmaa-Lenovo-G570","pid":5970,"level":30,"msg":"Weather data for track points were saved successfully, DB response: [object Object]","time":"2019-12-12T09:25:12.077Z","v":0}
{"name":"Smart cycling app logger","hostname":"Cmaa-Lenovo-G570","pid":5970,"level":30,"msg":"Weather data for track points were saved successfully, DB response: [object Object]","time":"2019-12-12T09:25:12.077Z","v":0}
{"name":"Smart cycling app logger","hostname":"Cmaa-Lenovo-G570","pid":5970,"level":30,"msg":"Weather data for track points were saved successfully, DB response: [object Object]","time":"2019-12-12T09:25:12.077Z","v":0}
{"name":"Smart cycling app logger","hostname":"Cmaa-Lenovo-G570","pid":5970,"level":30,"msg":"Received weather data from OpenWeatherMap API: [object Object]","time":"2019-12-12T09:25:14.047Z","v":0}
{"name":"Smart cycling app logger","hostname":"Cmaa-Lenovo-G570","pid":5970,"level":30,"msg":"Received weather data from OpenWeatherMap API: [object Object]","time":"2019-12-12T09:25:14.050Z","v":0}
{"name":"Smart cycling app logger","hostname":"Cmaa-Lenovo-G570","pid":5970,"level":30,"msg":"Received weather data from OpenWeatherMap API: [object Object]","time":"2019-12-12T09:25:14.055Z","v":0}
{"name":"Smart cycling app logger","hostname":"Cmaa-Lenovo-G570","pid":5970,"level":30,"msg":"Received weather data from OpenWeatherMap API: [object Object]","time":"2019-12-12T09:25:14.056Z","v":0}
{"name":"Smart cycling app logger","hostname":"Cmaa-Lenovo-G570","pid":5970,"level":30,"msg":"Received weather data from OpenWeatherMap API: [object Object]","time":"2019-12-12T09:25:14.058Z","v":0}
{"name":"Smart cycling app logger","hostname":"Cmaa-Lenovo-G570","pid":5970,"level":30,"msg":"Received weather data from OpenWeatherMap API: [object Object]","time":"2019-12-12T09:25:14.060Z","v":0}
{"name":"Smart cycling app logger","hostname":"Cmaa-Lenovo-G570","pid":5970,"level":30,"msg":"Received weather data from OpenWeatherMap API: [object Object]","time":"2019-12-12T09:25:14.062Z","v":0}
{"name":"Smart cycling app logger","hostname":"Cmaa-Lenovo-G570","pid":5970,"level":30,"msg":"Received weather data from OpenWeatherMap API: [object Object]","time":"2019-12-12T09:25:14.063Z","v":0}
{"name":"Smart cycling app logger","hostname":"Cmaa-Lenovo-G570","pid":5970,"level":30,"msg":"Received weather data from OpenWeatherMap API: [object Object]","time":"2019-12-12T09:25:14.064Z","v":0}
{"name":"Smart cycling app logger","hostname":"Cmaa-Lenovo-G570","pid":5970,"level":30,"msg":"Received weather data from OpenWeatherMap API: [object Object]","time":"2019-12-12T09:25:14.065Z","v":0}
{"name":"Smart cycling app logger","hostname":"Cmaa-Lenovo-G570","pid":5970,"level":30,"msg":"Received weather data from OpenWeatherMap API: [object Object]","time":"2019-12-12T09:25:14.067Z","v":0}
{"name":"Smart cycling app logger","hostname":"Cmaa-Lenovo-G570","pid":5970,"level":30,"msg":"Weather data for track points were saved successfully, DB response: [object Object]","time":"2019-12-12T09:25:14.087Z","v":0}
{"name":"Smart cycling app logger","hostname":"Cmaa-Lenovo-G570","pid":5970,"level":30,"msg":"Weather data for track points were saved successfully, DB response: [object Object]","time":"2019-12-12T09:25:14.100Z","v":0}
{"name":"Smart cycling app logger","hostname":"Cmaa-Lenovo-G570","pid":5970,"level":30,"msg":"Weather data for track points were saved successfully, DB response: [object Object]","time":"2019-12-12T09:25:14.100Z","v":0}
{"name":"Smart cycling app logger","hostname":"Cmaa-Lenovo-G570","pid":5970,"level":30,"msg":"Weather data for track points were saved successfully, DB response: [object Object]","time":"2019-12-12T09:25:14.101Z","v":0}
{"name":"Smart cycling app logger","hostname":"Cmaa-Lenovo-G570","pid":5970,"level":30,"msg":"Weather data for track points were saved successfully, DB response: [object Object]","time":"2019-12-12T09:25:14.101Z","v":0}
{"name":"Smart cycling app logger","hostname":"Cmaa-Lenovo-G570","pid":5970,"level":30,"msg":"Weather data for track points were saved successfully, DB response: [object Object]","time":"2019-12-12T09:25:14.101Z","v":0}
{"name":"Smart cycling app logger","hostname":"Cmaa-Lenovo-G570","pid":5970,"level":30,"msg":"Weather data for track points were saved successfully, DB response: [object Object]","time":"2019-12-12T09:25:14.101Z","v":0}
{"name":"Smart cycling app logger","hostname":"Cmaa-Lenovo-G570","pid":5970,"level":30,"msg":"Weather data for track points were saved successfully, DB response: [object Object]","time":"2019-12-12T09:25:14.101Z","v":0}
{"name":"Smart cycling app logger","hostname":"Cmaa-Lenovo-G570","pid":5970,"level":30,"msg":"Weather data for track points were saved successfully, DB response: [object Object]","time":"2019-12-12T09:25:14.102Z","v":0}
{"name":"Smart cycling app logger","hostname":"Cmaa-Lenovo-G570","pid":5970,"level":30,"msg":"Weather data for track points were saved successfully, DB response: [object Object]","time":"2019-12-12T09:25:14.102Z","v":0}
{"name":"Smart cycling app logger","hostname":"Cmaa-Lenovo-G570","pid":5970,"level":30,"msg":"Weather data for track points were saved successfully, DB response: [object Object]","time":"2019-12-12T09:25:14.102Z","v":0}
{"name":"Smart cycling app logger","hostname":"Cmaa-Lenovo-G570","pid":5970,"level":30,"msg":"Received weather data from OpenWeatherMap API: [object Object]","time":"2019-12-12T09:25:18.271Z","v":0}
{"name":"Smart cycling app logger","hostname":"Cmaa-Lenovo-G570","pid":5970,"level":30,"msg":"Received weather data from OpenWeatherMap API: [object Object]","time":"2019-12-12T09:25:18.273Z","v":0}
{"name":"Smart cycling app logger","hostname":"Cmaa-Lenovo-G570","pid":5970,"level":30,"msg":"Received weather data from OpenWeatherMap API: [object Object]","time":"2019-12-12T09:25:18.276Z","v":0}
{"name":"Smart cycling app logger","hostname":"Cmaa-Lenovo-G570","pid":5970,"level":30,"msg":"Received weather data from OpenWeatherMap API: [object Object]","time":"2019-12-12T09:25:18.278Z","v":0}
{"name":"Smart cycling app logger","hostname":"Cmaa-Lenovo-G570","pid":5970,"level":30,"msg":"Received weather data from OpenWeatherMap API: [object Object]","time":"2019-12-12T09:25:18.283Z","v":0}
{"name":"Smart cycling app logger","hostname":"Cmaa-Lenovo-G570","pid":5970,"level":30,"msg":"Received weather data from OpenWeatherMap API: [object Object]","time":"2019-12-12T09:25:18.289Z","v":0}
{"name":"Smart cycling app logger","hostname":"Cmaa-Lenovo-G570","pid":5970,"level":30,"msg":"Received weather data from OpenWeatherMap API: [object Object]","time":"2019-12-12T09:25:18.291Z","v":0}
{"name":"Smart cycling app logger","hostname":"Cmaa-Lenovo-G570","pid":5970,"level":30,"msg":"Weather data for track points were saved successfully, DB response: [object Object]","time":"2019-12-12T09:25:18.321Z","v":0}
{"name":"Smart cycling app logger","hostname":"Cmaa-Lenovo-G570","pid":5970,"level":30,"msg":"Weather data for track points were saved successfully, DB response: [object Object]","time":"2019-12-12T09:25:18.332Z","v":0}
{"name":"Smart cycling app logger","hostname":"Cmaa-Lenovo-G570","pid":5970,"level":30,"msg":"Weather data for track points were saved successfully, DB response: [object Object]","time":"2019-12-12T09:25:18.332Z","v":0}
{"name":"Smart cycling app logger","hostname":"Cmaa-Lenovo-G570","pid":5970,"level":30,"msg":"Weather data for track points were saved successfully, DB response: [object Object]","time":"2019-12-12T09:25:18.333Z","v":0}
{"name":"Smart cycling app logger","hostname":"Cmaa-Lenovo-G570","pid":5970,"level":30,"msg":"Weather data for track points were saved successfully, DB response: [object Object]","time":"2019-12-12T09:25:18.333Z","v":0}
{"name":"Smart cycling app logger","hostname":"Cmaa-Lenovo-G570","pid":5970,"level":30,"msg":"Weather data for track points were saved successfully, DB response: [object Object]","time":"2019-12-12T09:25:18.333Z","v":0}
{"name":"Smart cycling app logger","hostname":"Cmaa-Lenovo-G570","pid":5970,"level":30,"msg":"Weather data for track points were saved successfully, DB response: [object Object]","time":"2019-12-12T09:25:18.334Z","v":0}
{"name":"Smart cycling app logger","hostname":"Cmaa-Lenovo-G570","pid":5970,"level":30,"msg":"Received weather data from OpenWeatherMap API: [object Object]","time":"2019-12-12T09:25:18.521Z","v":0}
{"name":"Smart cycling app logger","hostname":"Cmaa-Lenovo-G570","pid":5970,"level":30,"msg":"Received weather data from OpenWeatherMap API: [object Object]","time":"2019-12-12T09:25:18.524Z","v":0}
{"name":"Smart cycling app logger","hostname":"Cmaa-Lenovo-G570","pid":5970,"level":30,"msg":"Received weather data from OpenWeatherMap API: [object Object]","time":"2019-12-12T09:25:18.527Z","v":0}
{"name":"Smart cycling app logger","hostname":"Cmaa-Lenovo-G570","pid":5970,"level":30,"msg":"Weather data for track points were saved successfully, DB response: [object Object]","time":"2019-12-12T09:25:18.543Z","v":0}
{"name":"Smart cycling app logger","hostname":"Cmaa-Lenovo-G570","pid":5970,"level":30,"msg":"Weather data for track points were saved successfully, DB response: [object Object]","time":"2019-12-12T09:25:18.554Z","v":0}
{"name":"Smart cycling app logger","hostname":"Cmaa-Lenovo-G570","pid":5970,"level":30,"msg":"Weather data for track points were saved successfully, DB response: [object Object]","time":"2019-12-12T09:25:18.554Z","v":0}
{"name":"Smart cycling app logger","hostname":"Cmaa-Lenovo-G570","pid":5970,"level":30,"msg":"Received weather data from OpenWeatherMap API: [object Object]","time":"2019-12-12T09:25:26.464Z","v":0}
{"name":"Smart cycling app logger","hostname":"Cmaa-Lenovo-G570","pid":5970,"level":30,"msg":"Received weather data from OpenWeatherMap API: [object Object]","time":"2019-12-12T09:25:26.471Z","v":0}
{"name":"Smart cycling app logger","hostname":"Cmaa-Lenovo-G570","pid":5970,"level":30,"msg":"Received weather data from OpenWeatherMap API: [object Object]","time":"2019-12-12T09:25:26.474Z","v":0}
{"name":"Smart cycling app logger","hostname":"Cmaa-Lenovo-G570","pid":5970,"level":30,"msg":"Received weather data from OpenWeatherMap API: [object Object]","time":"2019-12-12T09:25:26.477Z","v":0}
{"name":"Smart cycling app logger","hostname":"Cmaa-Lenovo-G570","pid":5970,"level":30,"msg":"Received weather data from OpenWeatherMap API: [object Object]","time":"2019-12-12T09:25:26.478Z","v":0}
{"name":"Smart cycling app logger","hostname":"Cmaa-Lenovo-G570","pid":5970,"level":30,"msg":"Received weather data from OpenWeatherMap API: [object Object]","time":"2019-12-12T09:25:26.481Z","v":0}
{"name":"Smart cycling app logger","hostname":"Cmaa-Lenovo-G570","pid":5970,"level":30,"msg":"Received weather data from OpenWeatherMap API: [object Object]","time":"2019-12-12T09:25:26.482Z","v":0}
{"name":"Smart cycling app logger","hostname":"Cmaa-Lenovo-G570","pid":5970,"level":30,"msg":"Weather data for track points were saved successfully, DB response: [object Object]","time":"2019-12-12T09:25:26.509Z","v":0}
{"name":"Smart cycling app logger","hostname":"Cmaa-Lenovo-G570","pid":5970,"level":30,"msg":"Weather data for track points were saved successfully, DB response: [object Object]","time":"2019-12-12T09:25:26.520Z","v":0}
{"name":"Smart cycling app logger","hostname":"Cmaa-Lenovo-G570","pid":5970,"level":30,"msg":"Weather data for track points were saved successfully, DB response: [object Object]","time":"2019-12-12T09:25:26.520Z","v":0}
{"name":"Smart cycling app logger","hostname":"Cmaa-Lenovo-G570","pid":5970,"level":30,"msg":"Weather data for track points were saved successfully, DB response: [object Object]","time":"2019-12-12T09:25:26.520Z","v":0}
{"name":"Smart cycling app logger","hostname":"Cmaa-Lenovo-G570","pid":5970,"level":30,"msg":"Weather data for track points were saved successfully, DB response: [object Object]","time":"2019-12-12T09:25:26.521Z","v":0}
{"name":"Smart cycling app logger","hostname":"Cmaa-Lenovo-G570","pid":5970,"level":30,"msg":"Weather data for track points were saved successfully, DB response: [object Object]","time":"2019-12-12T09:25:26.522Z","v":0}
{"name":"Smart cycling app logger","hostname":"Cmaa-Lenovo-G570","pid":5970,"level":30,"msg":"Weather data for track points were saved successfully, DB response: [object Object]","time":"2019-12-12T09:25:26.522Z","v":0}
{"name":"Smart cycling app logger","hostname":"Cmaa-Lenovo-G570","pid":5970,"level":30,"msg":"Received weather data from OpenWeatherMap API: [object Object]","time":"2019-12-12T09:30:11.118Z","v":0}
{"name":"Smart cycling app logger","hostname":"Cmaa-Lenovo-G570","pid":5970,"level":30,"msg":"Received weather data from OpenWeatherMap API: [object Object]","time":"2019-12-12T09:30:11.122Z","v":0}
{"name":"Smart cycling app logger","hostname":"Cmaa-Lenovo-G570","pid":5970,"level":30,"msg":"Received weather data from OpenWeatherMap API: [object Object]","time":"2019-12-12T09:30:11.125Z","v":0}
{"name":"Smart cycling app logger","hostname":"Cmaa-Lenovo-G570","pid":5970,"level":30,"msg":"Received weather data from OpenWeatherMap API: [object Object]","time":"2019-12-12T09:30:11.129Z","v":0}
{"name":"Smart cycling app logger","hostname":"Cmaa-Lenovo-G570","pid":5970,"level":30,"msg":"Received weather data from OpenWeatherMap API: [object Object]","time":"2019-12-12T09:30:11.133Z","v":0}
{"name":"Smart cycling app logger","hostname":"Cmaa-Lenovo-G570","pid":5970,"level":30,"msg":"Received weather data from OpenWeatherMap API: [object Object]","time":"2019-12-12T09:30:11.135Z","v":0}
{"name":"Smart cycling app logger","hostname":"Cmaa-Lenovo-G570","pid":5970,"level":30,"msg":"Received weather data from OpenWeatherMap API: [object Object]","time":"2019-12-12T09:30:11.136Z","v":0}
{"name":"Smart cycling app logger","hostname":"Cmaa-Lenovo-G570","pid":5970,"level":30,"msg":"Received weather data from OpenWeatherMap API: [object Object]","time":"2019-12-12T09:30:11.139Z","v":0}
{"name":"Smart cycling app logger","hostname":"Cmaa-Lenovo-G570","pid":5970,"level":30,"msg":"Weather data for track points were saved successfully, DB response: [object Object]","time":"2019-12-12T09:30:11.164Z","v":0}
{"name":"Smart cycling app logger","hostname":"Cmaa-Lenovo-G570","pid":5970,"level":30,"msg":"Received weather data from OpenWeatherMap API: [object Object]","time":"2019-12-12T09:30:11.173Z","v":0}
{"name":"Smart cycling app logger","hostname":"Cmaa-Lenovo-G570","pid":5970,"level":30,"msg":"Received weather data from OpenWeatherMap API: [object Object]","time":"2019-12-12T09:30:11.175Z","v":0}
{"name":"Smart cycling app logger","hostname":"Cmaa-Lenovo-G570","pid":5970,"level":30,"msg":"Weather data for track points were saved successfully, DB response: [object Object]","time":"2019-12-12T09:30:11.176Z","v":0}
{"name":"Smart cycling app logger","hostname":"Cmaa-Lenovo-G570","pid":5970,"level":30,"msg":"Weather data for track points were saved successfully, DB response: [object Object]","time":"2019-12-12T09:30:11.177Z","v":0}
{"name":"Smart cycling app logger","hostname":"Cmaa-Lenovo-G570","pid":5970,"level":30,"msg":"Weather data for track points were saved successfully, DB response: [object Object]","time":"2019-12-12T09:30:11.177Z","v":0}
{"name":"Smart cycling app logger","hostname":"Cmaa-Lenovo-G570","pid":5970,"level":30,"msg":"Weather data for track points were saved successfully, DB response: [object Object]","time":"2019-12-12T09:30:11.177Z","v":0}
{"name":"Smart cycling app logger","hostname":"Cmaa-Lenovo-G570","pid":5970,"level":30,"msg":"Weather data for track points were saved successfully, DB response: [object Object]","time":"2019-12-12T09:30:11.178Z","v":0}
{"name":"Smart cycling app logger","hostname":"Cmaa-Lenovo-G570","pid":5970,"level":30,"msg":"Weather data for track points were saved successfully, DB response: [object Object]","time":"2019-12-12T09:30:11.187Z","v":0}
{"name":"Smart cycling app logger","hostname":"Cmaa-Lenovo-G570","pid":5970,"level":30,"msg":"Weather data for track points were saved successfully, DB response: [object Object]","time":"2019-12-12T09:30:11.187Z","v":0}
{"name":"Smart cycling app logger","hostname":"Cmaa-Lenovo-G570","pid":5970,"level":30,"msg":"Weather data for track points were saved successfully, DB response: [object Object]","time":"2019-12-12T09:30:11.188Z","v":0}
{"name":"Smart cycling app logger","hostname":"Cmaa-Lenovo-G570","pid":5970,"level":30,"msg":"Weather data for track points were saved successfully, DB response: [object Object]","time":"2019-12-12T09:30:11.199Z","v":0}
{"name":"Smart cycling app logger","hostname":"Cmaa-Lenovo-G570","pid":5970,"level":30,"msg":"Received weather data from OpenWeatherMap API: [object Object]","time":"2019-12-12T09:30:11.200Z","v":0}
{"name":"Smart cycling app logger","hostname":"Cmaa-Lenovo-G570","pid":5970,"level":30,"msg":"Received weather data from OpenWeatherMap API: [object Object]","time":"2019-12-12T09:30:11.211Z","v":0}
{"name":"Smart cycling app logger","hostname":"Cmaa-Lenovo-G570","pid":5970,"level":30,"msg":"Weather data for track points were saved successfully, DB response: [object Object]","time":"2019-12-12T09:30:11.214Z","v":0}
{"name":"Smart cycling app logger","hostname":"Cmaa-Lenovo-G570","pid":5970,"level":30,"msg":"Weather data for track points were saved successfully, DB response: [object Object]","time":"2019-12-12T09:30:11.221Z","v":0}
{"name":"Smart cycling app logger","hostname":"Cmaa-Lenovo-G570","pid":5970,"level":30,"msg":"Received weather data from OpenWeatherMap API: [object Object]","time":"2019-12-12T09:30:11.430Z","v":0}
{"name":"Smart cycling app logger","hostname":"Cmaa-Lenovo-G570","pid":5970,"level":30,"msg":"Received weather data from OpenWeatherMap API: [object Object]","time":"2019-12-12T09:30:11.443Z","v":0}
{"name":"Smart cycling app logger","hostname":"Cmaa-Lenovo-G570","pid":5970,"level":30,"msg":"Received weather data from OpenWeatherMap API: [object Object]","time":"2019-12-12T09:30:11.447Z","v":0}
{"name":"Smart cycling app logger","hostname":"Cmaa-Lenovo-G570","pid":5970,"level":30,"msg":"Weather data for track points were saved successfully, DB response: [object Object]","time":"2019-12-12T09:30:11.454Z","v":0}
{"name":"Smart cycling app logger","hostname":"Cmaa-Lenovo-G570","pid":5970,"level":30,"msg":"Weather data for track points were saved successfully, DB response: [object Object]","time":"2019-12-12T09:30:11.465Z","v":0}
{"name":"Smart cycling app logger","hostname":"Cmaa-Lenovo-G570","pid":5970,"level":30,"msg":"Weather data for track points were saved successfully, DB response: [object Object]","time":"2019-12-12T09:30:11.465Z","v":0}
{"name":"Smart cycling app logger","hostname":"Cmaa-Lenovo-G570","pid":5970,"level":30,"msg":"Received weather data from OpenWeatherMap API: [object Object]","time":"2019-12-12T09:30:12.059Z","v":0}
{"name":"Smart cycling app logger","hostname":"Cmaa-Lenovo-G570","pid":5970,"level":30,"msg":"Received weather data from OpenWeatherMap API: [object Object]","time":"2019-12-12T09:30:12.068Z","v":0}
{"name":"Smart cycling app logger","hostname":"Cmaa-Lenovo-G570","pid":5970,"level":30,"msg":"Received weather data from OpenWeatherMap API: [object Object]","time":"2019-12-12T09:30:12.069Z","v":0}
{"name":"Smart cycling app logger","hostname":"Cmaa-Lenovo-G570","pid":5970,"level":30,"msg":"Received weather data from OpenWeatherMap API: [object Object]","time":"2019-12-12T09:30:12.070Z","v":0}
{"name":"Smart cycling app logger","hostname":"Cmaa-Lenovo-G570","pid":5970,"level":30,"msg":"Received weather data from OpenWeatherMap API: [object Object]","time":"2019-12-12T09:30:12.072Z","v":0}
{"name":"Smart cycling app logger","hostname":"Cmaa-Lenovo-G570","pid":5970,"level":30,"msg":"Received weather data from OpenWeatherMap API: [object Object]","time":"2019-12-12T09:30:12.076Z","v":0}
{"name":"Smart cycling app logger","hostname":"Cmaa-Lenovo-G570","pid":5970,"level":30,"msg":"Received weather data from OpenWeatherMap API: [object Object]","time":"2019-12-12T09:30:12.081Z","v":0}
{"name":"Smart cycling app logger","hostname":"Cmaa-Lenovo-G570","pid":5970,"level":30,"msg":"Received weather data from OpenWeatherMap API: [object Object]","time":"2019-12-12T09:30:12.082Z","v":0}
{"name":"Smart cycling app logger","hostname":"Cmaa-Lenovo-G570","pid":5970,"level":30,"msg":"Weather data for track points were saved successfully, DB response: [object Object]","time":"2019-12-12T09:30:12.098Z","v":0}
{"name":"Smart cycling app logger","hostname":"Cmaa-Lenovo-G570","pid":5970,"level":30,"msg":"Received weather data from OpenWeatherMap API: [object Object]","time":"2019-12-12T09:30:12.109Z","v":0}
{"name":"Smart cycling app logger","hostname":"Cmaa-Lenovo-G570","pid":5970,"level":30,"msg":"Weather data for track points were saved successfully, DB response: [object Object]","time":"2019-12-12T09:30:12.111Z","v":0}
{"name":"Smart cycling app logger","hostname":"Cmaa-Lenovo-G570","pid":5970,"level":30,"msg":"Weather data for track points were saved successfully, DB response: [object Object]","time":"2019-12-12T09:30:12.112Z","v":0}
{"name":"Smart cycling app logger","hostname":"Cmaa-Lenovo-G570","pid":5970,"level":30,"msg":"Weather data for track points were saved successfully, DB response: [object Object]","time":"2019-12-12T09:30:12.112Z","v":0}
{"name":"Smart cycling app logger","hostname":"Cmaa-Lenovo-G570","pid":5970,"level":30,"msg":"Weather data for track points were saved successfully, DB response: [object Object]","time":"2019-12-12T09:30:12.112Z","v":0}
{"name":"Smart cycling app logger","hostname":"Cmaa-Lenovo-G570","pid":5970,"level":30,"msg":"Weather data for track points were saved successfully, DB response: [object Object]","time":"2019-12-12T09:30:12.112Z","v":0}
{"name":"Smart cycling app logger","hostname":"Cmaa-Lenovo-G570","pid":5970,"level":30,"msg":"Weather data for track points were saved successfully, DB response: [object Object]","time":"2019-12-12T09:30:12.112Z","v":0}
{"name":"Smart cycling app logger","hostname":"Cmaa-Lenovo-G570","pid":5970,"level":30,"msg":"Weather data for track points were saved successfully, DB response: [object Object]","time":"2019-12-12T09:30:12.113Z","v":0}
{"name":"Smart cycling app logger","hostname":"Cmaa-Lenovo-G570","pid":5970,"level":30,"msg":"Weather data for track points were saved successfully, DB response: [object Object]","time":"2019-12-12T09:30:12.121Z","v":0}
{"name":"Smart cycling app logger","hostname":"Cmaa-Lenovo-G570","pid":5970,"level":30,"msg":"Received weather data from OpenWeatherMap API: [object Object]","time":"2019-12-12T09:30:14.094Z","v":0}
{"name":"Smart cycling app logger","hostname":"Cmaa-Lenovo-G570","pid":5970,"level":30,"msg":"Received weather data from OpenWeatherMap API: [object Object]","time":"2019-12-12T09:30:14.099Z","v":0}
{"name":"Smart cycling app logger","hostname":"Cmaa-Lenovo-G570","pid":5970,"level":30,"msg":"Received weather data from OpenWeatherMap API: [object Object]","time":"2019-12-12T09:30:14.102Z","v":0}
{"name":"Smart cycling app logger","hostname":"Cmaa-Lenovo-G570","pid":5970,"level":30,"msg":"Received weather data from OpenWeatherMap API: [object Object]","time":"2019-12-12T09:30:14.104Z","v":0}
{"name":"Smart cycling app logger","hostname":"Cmaa-Lenovo-G570","pid":5970,"level":30,"msg":"Received weather data from OpenWeatherMap API: [object Object]","time":"2019-12-12T09:30:14.106Z","v":0}
{"name":"Smart cycling app logger","hostname":"Cmaa-Lenovo-G570","pid":5970,"level":30,"msg":"Received weather data from OpenWeatherMap API: [object Object]","time":"2019-12-12T09:30:14.109Z","v":0}
{"name":"Smart cycling app logger","hostname":"Cmaa-Lenovo-G570","pid":5970,"level":30,"msg":"Received weather data from OpenWeatherMap API: [object Object]","time":"2019-12-12T09:30:14.111Z","v":0}
{"name":"Smart cycling app logger","hostname":"Cmaa-Lenovo-G570","pid":5970,"level":30,"msg":"Received weather data from OpenWeatherMap API: [object Object]","time":"2019-12-12T09:30:14.113Z","v":0}
{"name":"Smart cycling app logger","hostname":"Cmaa-Lenovo-G570","pid":5970,"level":30,"msg":"Received weather data from OpenWeatherMap API: [object Object]","time":"2019-12-12T09:30:14.115Z","v":0}
{"name":"Smart cycling app logger","hostname":"Cmaa-Lenovo-G570","pid":5970,"level":30,"msg":"Weather data for track points were saved successfully, DB response: [object Object]","time":"2019-12-12T09:30:14.144Z","v":0}
{"name":"Smart cycling app logger","hostname":"Cmaa-Lenovo-G570","pid":5970,"level":30,"msg":"Weather data for track points were saved successfully, DB response: [object Object]","time":"2019-12-12T09:30:14.156Z","v":0}
{"name":"Smart cycling app logger","hostname":"Cmaa-Lenovo-G570","pid":5970,"level":30,"msg":"Weather data for track points were saved successfully, DB response: [object Object]","time":"2019-12-12T09:30:14.157Z","v":0}
{"name":"Smart cycling app logger","hostname":"Cmaa-Lenovo-G570","pid":5970,"level":30,"msg":"Weather data for track points were saved successfully, DB response: [object Object]","time":"2019-12-12T09:30:14.157Z","v":0}
{"name":"Smart cycling app logger","hostname":"Cmaa-Lenovo-G570","pid":5970,"level":30,"msg":"Weather data for track points were saved successfully, DB response: [object Object]","time":"2019-12-12T09:30:14.157Z","v":0}
{"name":"Smart cycling app logger","hostname":"Cmaa-Lenovo-G570","pid":5970,"level":30,"msg":"Weather data for track points were saved successfully, DB response: [object Object]","time":"2019-12-12T09:30:14.157Z","v":0}
{"name":"Smart cycling app logger","hostname":"Cmaa-Lenovo-G570","pid":5970,"level":30,"msg":"Weather data for track points were saved successfully, DB response: [object Object]","time":"2019-12-12T09:30:14.157Z","v":0}
{"name":"Smart cycling app logger","hostname":"Cmaa-Lenovo-G570","pid":5970,"level":30,"msg":"Weather data for track points were saved successfully, DB response: [object Object]","time":"2019-12-12T09:30:14.157Z","v":0}
{"name":"Smart cycling app logger","hostname":"Cmaa-Lenovo-G570","pid":5970,"level":30,"msg":"Weather data for track points were saved successfully, DB response: [object Object]","time":"2019-12-12T09:30:14.157Z","v":0}
{"name":"Smart cycling app logger","hostname":"Cmaa-Lenovo-G570","pid":5970,"level":30,"msg":"Received weather data from OpenWeatherMap API: [object Object]","time":"2019-12-12T09:30:18.320Z","v":0}
{"name":"Smart cycling app logger","hostname":"Cmaa-Lenovo-G570","pid":5970,"level":30,"msg":"Received weather data from OpenWeatherMap API: [object Object]","time":"2019-12-12T09:30:18.324Z","v":0}
{"name":"Smart cycling app logger","hostname":"Cmaa-Lenovo-G570","pid":5970,"level":30,"msg":"Received weather data from OpenWeatherMap API: [object Object]","time":"2019-12-12T09:30:18.328Z","v":0}
{"name":"Smart cycling app logger","hostname":"Cmaa-Lenovo-G570","pid":5970,"level":30,"msg":"Received weather data from OpenWeatherMap API: [object Object]","time":"2019-12-12T09:30:18.343Z","v":0}
{"name":"Smart cycling app logger","hostname":"Cmaa-Lenovo-G570","pid":5970,"level":30,"msg":"Received weather data from OpenWeatherMap API: [object Object]","time":"2019-12-12T09:30:18.370Z","v":0}
{"name":"Smart cycling app logger","hostname":"Cmaa-Lenovo-G570","pid":5970,"level":30,"msg":"Received weather data from OpenWeatherMap API: [object Object]","time":"2019-12-12T09:30:18.376Z","v":0}
{"name":"Smart cycling app logger","hostname":"Cmaa-Lenovo-G570","pid":5970,"level":30,"msg":"Received weather data from OpenWeatherMap API: [object Object]","time":"2019-12-12T09:30:18.384Z","v":0}
{"name":"Smart cycling app logger","hostname":"Cmaa-Lenovo-G570","pid":5970,"level":30,"msg":"Received weather data from OpenWeatherMap API: [object Object]","time":"2019-12-12T09:30:18.388Z","v":0}
{"name":"Smart cycling app logger","hostname":"Cmaa-Lenovo-G570","pid":5970,"level":30,"msg":"Received weather data from OpenWeatherMap API: [object Object]","time":"2019-12-12T09:30:18.393Z","v":0}
{"name":"Smart cycling app logger","hostname":"Cmaa-Lenovo-G570","pid":5970,"level":30,"msg":"Weather data for track points were saved successfully, DB response: [object Object]","time":"2019-12-12T09:30:18.411Z","v":0}
{"name":"Smart cycling app logger","hostname":"Cmaa-Lenovo-G570","pid":5970,"level":30,"msg":"Weather data for track points were saved successfully, DB response: [object Object]","time":"2019-12-12T09:30:18.411Z","v":0}
{"name":"Smart cycling app logger","hostname":"Cmaa-Lenovo-G570","pid":5970,"level":30,"msg":"Weather data for track points were saved successfully, DB response: [object Object]","time":"2019-12-12T09:30:18.411Z","v":0}
{"name":"Smart cycling app logger","hostname":"Cmaa-Lenovo-G570","pid":5970,"level":30,"msg":"Weather data for track points were saved successfully, DB response: [object Object]","time":"2019-12-12T09:30:18.412Z","v":0}
{"name":"Smart cycling app logger","hostname":"Cmaa-Lenovo-G570","pid":5970,"level":30,"msg":"Weather data for track points were saved successfully, DB response: [object Object]","time":"2019-12-12T09:30:18.421Z","v":0}
{"name":"Smart cycling app logger","hostname":"Cmaa-Lenovo-G570","pid":5970,"level":30,"msg":"Weather data for track points were saved successfully, DB response: [object Object]","time":"2019-12-12T09:30:18.421Z","v":0}
{"name":"Smart cycling app logger","hostname":"Cmaa-Lenovo-G570","pid":5970,"level":30,"msg":"Weather data for track points were saved successfully, DB response: [object Object]","time":"2019-12-12T09:30:18.432Z","v":0}
{"name":"Smart cycling app logger","hostname":"Cmaa-Lenovo-G570","pid":5970,"level":30,"msg":"Weather data for track points were saved successfully, DB response: [object Object]","time":"2019-12-12T09:30:18.432Z","v":0}
{"name":"Smart cycling app logger","hostname":"Cmaa-Lenovo-G570","pid":5970,"level":30,"msg":"Weather data for track points were saved successfully, DB response: [object Object]","time":"2019-12-12T09:30:18.449Z","v":0}
{"name":"Smart cycling app logger","hostname":"Cmaa-Lenovo-G570","pid":5970,"level":30,"msg":"Received weather data from OpenWeatherMap API: [object Object]","time":"2019-12-12T09:30:26.497Z","v":0}
{"name":"Smart cycling app logger","hostname":"Cmaa-Lenovo-G570","pid":5970,"level":30,"msg":"Received weather data from OpenWeatherMap API: [object Object]","time":"2019-12-12T09:30:26.506Z","v":0}
{"name":"Smart cycling app logger","hostname":"Cmaa-Lenovo-G570","pid":5970,"level":30,"msg":"Received weather data from OpenWeatherMap API: [object Object]","time":"2019-12-12T09:30:26.509Z","v":0}
{"name":"Smart cycling app logger","hostname":"Cmaa-Lenovo-G570","pid":5970,"level":30,"msg":"Received weather data from OpenWeatherMap API: [object Object]","time":"2019-12-12T09:30:26.511Z","v":0}
{"name":"Smart cycling app logger","hostname":"Cmaa-Lenovo-G570","pid":5970,"level":30,"msg":"Received weather data from OpenWeatherMap API: [object Object]","time":"2019-12-12T09:30:26.520Z","v":0}
{"name":"Smart cycling app logger","hostname":"Cmaa-Lenovo-G570","pid":5970,"level":30,"msg":"Weather data for track points were saved successfully, DB response: [object Object]","time":"2019-12-12T09:30:26.526Z","v":0}
{"name":"Smart cycling app logger","hostname":"Cmaa-Lenovo-G570","pid":5970,"level":30,"msg":"Weather data for track points were saved successfully, DB response: [object Object]","time":"2019-12-12T09:30:26.531Z","v":0}
{"name":"Smart cycling app logger","hostname":"Cmaa-Lenovo-G570","pid":5970,"level":30,"msg":"Weather data for track points were saved successfully, DB response: [object Object]","time":"2019-12-12T09:30:26.542Z","v":0}
{"name":"Smart cycling app logger","hostname":"Cmaa-Lenovo-G570","pid":5970,"level":30,"msg":"Weather data for track points were saved successfully, DB response: [object Object]","time":"2019-12-12T09:30:26.543Z","v":0}
{"name":"Smart cycling app logger","hostname":"Cmaa-Lenovo-G570","pid":5970,"level":30,"msg":"Weather data for track points were saved successfully, DB response: [object Object]","time":"2019-12-12T09:30:26.543Z","v":0}
