{"name":"Smart cycling app logger","hostname":"Cmaa-Lenovo-G570","pid":3656,"level":30,"msg":"Logger component has been initialized","time":"2019-10-28T09:57:38.377Z","v":0}
{"name":"Smart cycling app logger","hostname":"Cmaa-Lenovo-G570","pid":3656,"level":30,"msg":"Swagger UI has been initialised. Live API doc available /api-docs URL","time":"2019-10-28T09:57:38.760Z","v":0}
{"name":"Smart cycling app logger","hostname":"Cmaa-Lenovo-G570","pid":3656,"level":30,"msg":"PostgreSQL version is: PostgreSQL 10.10 (Ubuntu 10.10-0ubuntu0.18.04.1) on x86_64-pc-linux-gnu, compiled by gcc (Ubuntu 7.4.0-1ubuntu1~18.04.1) 7.4.0, 64-bit","time":"2019-10-28T09:57:39.545Z","v":0}
{"name":"Smart cycling app logger","hostname":"Cmaa-Lenovo-G570","pid":3656,"level":30,"msg":"Received weather data from OpenWeatherMap API: [object Object]","time":"2019-10-28T10:02:38.854Z","v":0}
{"name":"Smart cycling app logger","hostname":"Cmaa-Lenovo-G570","pid":3656,"level":30,"msg":"Received weather data from OpenWeatherMap API: [object Object]","time":"2019-10-28T10:02:38.871Z","v":0}
{"name":"Smart cycling app logger","hostname":"Cmaa-Lenovo-G570","pid":3656,"level":30,"msg":"Received weather data from OpenWeatherMap API: [object Object]","time":"2019-10-28T10:02:38.874Z","v":0}
{"name":"Smart cycling app logger","hostname":"Cmaa-Lenovo-G570","pid":3656,"level":30,"msg":"Received weather data from OpenWeatherMap API: [object Object]","time":"2019-10-28T10:02:38.878Z","v":0}
{"name":"Smart cycling app logger","hostname":"Cmaa-Lenovo-G570","pid":3656,"level":30,"msg":"Received weather data from OpenWeatherMap API: [object Object]","time":"2019-10-28T10:02:38.891Z","v":0}
{"name":"Smart cycling app logger","hostname":"Cmaa-Lenovo-G570","pid":3656,"level":30,"msg":"Received weather data from OpenWeatherMap API: [object Object]","time":"2019-10-28T10:02:38.894Z","v":0}
{"name":"Smart cycling app logger","hostname":"Cmaa-Lenovo-G570","pid":3656,"level":30,"msg":"Received weather data from OpenWeatherMap API: [object Object]","time":"2019-10-28T10:02:38.910Z","v":0}
{"name":"Smart cycling app logger","hostname":"Cmaa-Lenovo-G570","pid":3656,"level":30,"msg":"Received weather data from OpenWeatherMap API: [object Object]","time":"2019-10-28T10:02:38.913Z","v":0}
{"name":"Smart cycling app logger","hostname":"Cmaa-Lenovo-G570","pid":3656,"level":30,"msg":"Received weather data from OpenWeatherMap API: [object Object]","time":"2019-10-28T10:02:38.924Z","v":0}
{"name":"Smart cycling app logger","hostname":"Cmaa-Lenovo-G570","pid":3656,"level":30,"msg":"Received weather data from OpenWeatherMap API: [object Object]","time":"2019-10-28T10:02:38.981Z","v":0}
{"name":"Smart cycling app logger","hostname":"Cmaa-Lenovo-G570","pid":3656,"level":30,"msg":"Received weather data from OpenWeatherMap API: [object Object]","time":"2019-10-28T10:02:38.989Z","v":0}
{"name":"Smart cycling app logger","hostname":"Cmaa-Lenovo-G570","pid":3656,"level":30,"msg":"Received weather data from OpenWeatherMap API: [object Object]","time":"2019-10-28T10:02:38.997Z","v":0}
{"name":"Smart cycling app logger","hostname":"Cmaa-Lenovo-G570","pid":3656,"level":30,"msg":"Received weather data from OpenWeatherMap API: [object Object]","time":"2019-10-28T10:02:39.006Z","v":0}
{"name":"Smart cycling app logger","hostname":"Cmaa-Lenovo-G570","pid":3656,"level":30,"msg":"Received weather data from OpenWeatherMap API: [object Object]","time":"2019-10-28T10:02:39.017Z","v":0}
{"name":"Smart cycling app logger","hostname":"Cmaa-Lenovo-G570","pid":3656,"level":30,"msg":"Received weather data from OpenWeatherMap API: [object Object]","time":"2019-10-28T10:02:39.026Z","v":0}
{"name":"Smart cycling app logger","hostname":"Cmaa-Lenovo-G570","pid":3656,"level":30,"msg":"Received weather data from OpenWeatherMap API: [object Object]","time":"2019-10-28T10:02:39.029Z","v":0}
{"name":"Smart cycling app logger","hostname":"Cmaa-Lenovo-G570","pid":3656,"level":30,"msg":"Received weather data from OpenWeatherMap API: [object Object]","time":"2019-10-28T10:02:39.032Z","v":0}
{"name":"Smart cycling app logger","hostname":"Cmaa-Lenovo-G570","pid":3656,"level":30,"msg":"Received weather data from OpenWeatherMap API: [object Object]","time":"2019-10-28T10:02:39.036Z","v":0}
{"name":"Smart cycling app logger","hostname":"Cmaa-Lenovo-G570","pid":3656,"level":30,"msg":"Received weather data from OpenWeatherMap API: [object Object]","time":"2019-10-28T10:02:39.042Z","v":0}
{"name":"Smart cycling app logger","hostname":"Cmaa-Lenovo-G570","pid":3656,"level":30,"msg":"Received weather data from OpenWeatherMap API: [object Object]","time":"2019-10-28T10:02:39.057Z","v":0}
{"name":"Smart cycling app logger","hostname":"Cmaa-Lenovo-G570","pid":3656,"level":30,"msg":"Received weather data from OpenWeatherMap API: [object Object]","time":"2019-10-28T10:02:39.064Z","v":0}
{"name":"Smart cycling app logger","hostname":"Cmaa-Lenovo-G570","pid":3656,"level":30,"msg":"Received weather data from OpenWeatherMap API: [object Object]","time":"2019-10-28T10:02:39.070Z","v":0}
{"name":"Smart cycling app logger","hostname":"Cmaa-Lenovo-G570","pid":3656,"level":30,"msg":"Received weather data from OpenWeatherMap API: [object Object]","time":"2019-10-28T10:02:39.073Z","v":0}
{"name":"Smart cycling app logger","hostname":"Cmaa-Lenovo-G570","pid":3656,"level":30,"msg":"Received weather data from OpenWeatherMap API: [object Object]","time":"2019-10-28T10:02:39.075Z","v":0}
{"name":"Smart cycling app logger","hostname":"Cmaa-Lenovo-G570","pid":3656,"level":30,"msg":"Received weather data from OpenWeatherMap API: [object Object]","time":"2019-10-28T10:02:39.080Z","v":0}
{"name":"Smart cycling app logger","hostname":"Cmaa-Lenovo-G570","pid":3656,"level":30,"msg":"Received weather data from OpenWeatherMap API: [object Object]","time":"2019-10-28T10:02:39.083Z","v":0}
{"name":"Smart cycling app logger","hostname":"Cmaa-Lenovo-G570","pid":3656,"level":30,"msg":"Received weather data from OpenWeatherMap API: [object Object]","time":"2019-10-28T10:02:39.086Z","v":0}
{"name":"Smart cycling app logger","hostname":"Cmaa-Lenovo-G570","pid":3656,"level":30,"msg":"Received weather data from OpenWeatherMap API: [object Object]","time":"2019-10-28T10:02:39.090Z","v":0}
{"name":"Smart cycling app logger","hostname":"Cmaa-Lenovo-G570","pid":3656,"level":30,"msg":"Received weather data from OpenWeatherMap API: [object Object]","time":"2019-10-28T10:02:39.103Z","v":0}
{"name":"Smart cycling app logger","hostname":"Cmaa-Lenovo-G570","pid":3656,"level":30,"msg":"Received weather data from OpenWeatherMap API: [object Object]","time":"2019-10-28T10:02:39.107Z","v":0}
{"name":"Smart cycling app logger","hostname":"Cmaa-Lenovo-G570","pid":3656,"level":30,"msg":"Received weather data from OpenWeatherMap API: [object Object]","time":"2019-10-28T10:02:39.109Z","v":0}
{"name":"Smart cycling app logger","hostname":"Cmaa-Lenovo-G570","pid":3656,"level":30,"msg":"Received weather data from OpenWeatherMap API: [object Object]","time":"2019-10-28T10:02:39.136Z","v":0}
{"name":"Smart cycling app logger","hostname":"Cmaa-Lenovo-G570","pid":3656,"level":30,"msg":"Received weather data from OpenWeatherMap API: [object Object]","time":"2019-10-28T10:02:39.139Z","v":0}
{"name":"Smart cycling app logger","hostname":"Cmaa-Lenovo-G570","pid":3656,"level":30,"msg":"Received weather data from OpenWeatherMap API: [object Object]","time":"2019-10-28T10:02:39.148Z","v":0}
{"name":"Smart cycling app logger","hostname":"Cmaa-Lenovo-G570","pid":3656,"level":30,"msg":"Received weather data from OpenWeatherMap API: [object Object]","time":"2019-10-28T10:02:39.151Z","v":0}
{"name":"Smart cycling app logger","hostname":"Cmaa-Lenovo-G570","pid":3656,"level":30,"msg":"Received weather data from OpenWeatherMap API: [object Object]","time":"2019-10-28T10:02:39.156Z","v":0}
{"name":"Smart cycling app logger","hostname":"Cmaa-Lenovo-G570","pid":3656,"level":30,"msg":"Received weather data from OpenWeatherMap API: [object Object]","time":"2019-10-28T10:02:39.159Z","v":0}
{"name":"Smart cycling app logger","hostname":"Cmaa-Lenovo-G570","pid":3656,"level":30,"msg":"Received weather data from OpenWeatherMap API: [object Object]","time":"2019-10-28T10:02:39.170Z","v":0}
{"name":"Smart cycling app logger","hostname":"Cmaa-Lenovo-G570","pid":3656,"level":30,"msg":"Received weather data from OpenWeatherMap API: [object Object]","time":"2019-10-28T10:02:39.172Z","v":0}
{"name":"Smart cycling app logger","hostname":"Cmaa-Lenovo-G570","pid":3656,"level":30,"msg":"Received weather data from OpenWeatherMap API: [object Object]","time":"2019-10-28T10:02:39.175Z","v":0}
{"name":"Smart cycling app logger","hostname":"Cmaa-Lenovo-G570","pid":3656,"level":30,"msg":"Received weather data from OpenWeatherMap API: [object Object]","time":"2019-10-28T10:02:39.182Z","v":0}
{"name":"Smart cycling app logger","hostname":"Cmaa-Lenovo-G570","pid":3656,"level":30,"msg":"Received weather data from OpenWeatherMap API: [object Object]","time":"2019-10-28T10:02:39.185Z","v":0}
{"name":"Smart cycling app logger","hostname":"Cmaa-Lenovo-G570","pid":3656,"level":30,"msg":"Received weather data from OpenWeatherMap API: [object Object]","time":"2019-10-28T10:02:39.188Z","v":0}
{"name":"Smart cycling app logger","hostname":"Cmaa-Lenovo-G570","pid":3656,"level":30,"msg":"Weather data for track points were saved successfully, DB response: [object Object]","time":"2019-10-28T10:02:39.209Z","v":0}
{"name":"Smart cycling app logger","hostname":"Cmaa-Lenovo-G570","pid":3656,"level":30,"msg":"Weather data for track points were saved successfully, DB response: [object Object]","time":"2019-10-28T10:02:39.216Z","v":0}
{"name":"Smart cycling app logger","hostname":"Cmaa-Lenovo-G570","pid":3656,"level":30,"msg":"Weather data for track points were saved successfully, DB response: [object Object]","time":"2019-10-28T10:02:39.236Z","v":0}
{"name":"Smart cycling app logger","hostname":"Cmaa-Lenovo-G570","pid":3656,"level":30,"msg":"Weather data for track points were saved successfully, DB response: [object Object]","time":"2019-10-28T10:02:39.237Z","v":0}
{"name":"Smart cycling app logger","hostname":"Cmaa-Lenovo-G570","pid":3656,"level":30,"msg":"Weather data for track points were saved successfully, DB response: [object Object]","time":"2019-10-28T10:02:39.241Z","v":0}
{"name":"Smart cycling app logger","hostname":"Cmaa-Lenovo-G570","pid":3656,"level":30,"msg":"Weather data for track points were saved successfully, DB response: [object Object]","time":"2019-10-28T10:02:39.243Z","v":0}
{"name":"Smart cycling app logger","hostname":"Cmaa-Lenovo-G570","pid":3656,"level":30,"msg":"Weather data for track points were saved successfully, DB response: [object Object]","time":"2019-10-28T10:02:39.244Z","v":0}
{"name":"Smart cycling app logger","hostname":"Cmaa-Lenovo-G570","pid":3656,"level":30,"msg":"Weather data for track points were saved successfully, DB response: [object Object]","time":"2019-10-28T10:02:39.269Z","v":0}
{"name":"Smart cycling app logger","hostname":"Cmaa-Lenovo-G570","pid":3656,"level":30,"msg":"Weather data for track points were saved successfully, DB response: [object Object]","time":"2019-10-28T10:02:39.270Z","v":0}
{"name":"Smart cycling app logger","hostname":"Cmaa-Lenovo-G570","pid":3656,"level":30,"msg":"Weather data for track points were saved successfully, DB response: [object Object]","time":"2019-10-28T10:02:39.272Z","v":0}
{"name":"Smart cycling app logger","hostname":"Cmaa-Lenovo-G570","pid":3656,"level":30,"msg":"Weather data for track points were saved successfully, DB response: [object Object]","time":"2019-10-28T10:02:39.276Z","v":0}
{"name":"Smart cycling app logger","hostname":"Cmaa-Lenovo-G570","pid":3656,"level":30,"msg":"Weather data for track points were saved successfully, DB response: [object Object]","time":"2019-10-28T10:02:39.319Z","v":0}
{"name":"Smart cycling app logger","hostname":"Cmaa-Lenovo-G570","pid":3656,"level":30,"msg":"Weather data for track points were saved successfully, DB response: [object Object]","time":"2019-10-28T10:02:39.321Z","v":0}
{"name":"Smart cycling app logger","hostname":"Cmaa-Lenovo-G570","pid":3656,"level":30,"msg":"Weather data for track points were saved successfully, DB response: [object Object]","time":"2019-10-28T10:02:39.322Z","v":0}
{"name":"Smart cycling app logger","hostname":"Cmaa-Lenovo-G570","pid":3656,"level":30,"msg":"Weather data for track points were saved successfully, DB response: [object Object]","time":"2019-10-28T10:02:39.324Z","v":0}
{"name":"Smart cycling app logger","hostname":"Cmaa-Lenovo-G570","pid":3656,"level":30,"msg":"Weather data for track points were saved successfully, DB response: [object Object]","time":"2019-10-28T10:02:39.325Z","v":0}
{"name":"Smart cycling app logger","hostname":"Cmaa-Lenovo-G570","pid":3656,"level":30,"msg":"Weather data for track points were saved successfully, DB response: [object Object]","time":"2019-10-28T10:02:39.331Z","v":0}
{"name":"Smart cycling app logger","hostname":"Cmaa-Lenovo-G570","pid":3656,"level":30,"msg":"Weather data for track points were saved successfully, DB response: [object Object]","time":"2019-10-28T10:02:39.333Z","v":0}
{"name":"Smart cycling app logger","hostname":"Cmaa-Lenovo-G570","pid":3656,"level":30,"msg":"Weather data for track points were saved successfully, DB response: [object Object]","time":"2019-10-28T10:02:39.334Z","v":0}
{"name":"Smart cycling app logger","hostname":"Cmaa-Lenovo-G570","pid":3656,"level":30,"msg":"Weather data for track points were saved successfully, DB response: [object Object]","time":"2019-10-28T10:02:39.343Z","v":0}
{"name":"Smart cycling app logger","hostname":"Cmaa-Lenovo-G570","pid":3656,"level":30,"msg":"Weather data for track points were saved successfully, DB response: [object Object]","time":"2019-10-28T10:02:39.344Z","v":0}
{"name":"Smart cycling app logger","hostname":"Cmaa-Lenovo-G570","pid":3656,"level":30,"msg":"Weather data for track points were saved successfully, DB response: [object Object]","time":"2019-10-28T10:02:39.345Z","v":0}
{"name":"Smart cycling app logger","hostname":"Cmaa-Lenovo-G570","pid":3656,"level":30,"msg":"Weather data for track points were saved successfully, DB response: [object Object]","time":"2019-10-28T10:02:39.353Z","v":0}
{"name":"Smart cycling app logger","hostname":"Cmaa-Lenovo-G570","pid":3656,"level":30,"msg":"Weather data for track points were saved successfully, DB response: [object Object]","time":"2019-10-28T10:02:39.354Z","v":0}
{"name":"Smart cycling app logger","hostname":"Cmaa-Lenovo-G570","pid":3656,"level":30,"msg":"Weather data for track points were saved successfully, DB response: [object Object]","time":"2019-10-28T10:02:39.354Z","v":0}
{"name":"Smart cycling app logger","hostname":"Cmaa-Lenovo-G570","pid":3656,"level":30,"msg":"Weather data for track points were saved successfully, DB response: [object Object]","time":"2019-10-28T10:02:39.354Z","v":0}
{"name":"Smart cycling app logger","hostname":"Cmaa-Lenovo-G570","pid":3656,"level":30,"msg":"Weather data for track points were saved successfully, DB response: [object Object]","time":"2019-10-28T10:02:39.354Z","v":0}
{"name":"Smart cycling app logger","hostname":"Cmaa-Lenovo-G570","pid":3656,"level":30,"msg":"Weather data for track points were saved successfully, DB response: [object Object]","time":"2019-10-28T10:02:39.354Z","v":0}
{"name":"Smart cycling app logger","hostname":"Cmaa-Lenovo-G570","pid":3656,"level":30,"msg":"Weather data for track points were saved successfully, DB response: [object Object]","time":"2019-10-28T10:02:39.354Z","v":0}
{"name":"Smart cycling app logger","hostname":"Cmaa-Lenovo-G570","pid":3656,"level":30,"msg":"Weather data for track points were saved successfully, DB response: [object Object]","time":"2019-10-28T10:02:39.354Z","v":0}
{"name":"Smart cycling app logger","hostname":"Cmaa-Lenovo-G570","pid":3656,"level":30,"msg":"Weather data for track points were saved successfully, DB response: [object Object]","time":"2019-10-28T10:02:39.354Z","v":0}
{"name":"Smart cycling app logger","hostname":"Cmaa-Lenovo-G570","pid":3656,"level":30,"msg":"Weather data for track points were saved successfully, DB response: [object Object]","time":"2019-10-28T10:02:39.355Z","v":0}
{"name":"Smart cycling app logger","hostname":"Cmaa-Lenovo-G570","pid":3656,"level":30,"msg":"Weather data for track points were saved successfully, DB response: [object Object]","time":"2019-10-28T10:02:39.355Z","v":0}
{"name":"Smart cycling app logger","hostname":"Cmaa-Lenovo-G570","pid":3656,"level":30,"msg":"Weather data for track points were saved successfully, DB response: [object Object]","time":"2019-10-28T10:02:39.369Z","v":0}
{"name":"Smart cycling app logger","hostname":"Cmaa-Lenovo-G570","pid":3656,"level":30,"msg":"Weather data for track points were saved successfully, DB response: [object Object]","time":"2019-10-28T10:02:39.369Z","v":0}
{"name":"Smart cycling app logger","hostname":"Cmaa-Lenovo-G570","pid":3656,"level":30,"msg":"Weather data for track points were saved successfully, DB response: [object Object]","time":"2019-10-28T10:02:39.370Z","v":0}
{"name":"Smart cycling app logger","hostname":"Cmaa-Lenovo-G570","pid":3656,"level":30,"msg":"Weather data for track points were saved successfully, DB response: [object Object]","time":"2019-10-28T10:02:39.370Z","v":0}
{"name":"Smart cycling app logger","hostname":"Cmaa-Lenovo-G570","pid":3656,"level":30,"msg":"Weather data for track points were saved successfully, DB response: [object Object]","time":"2019-10-28T10:02:39.370Z","v":0}
{"name":"Smart cycling app logger","hostname":"Cmaa-Lenovo-G570","pid":3656,"level":30,"msg":"Weather data for track points were saved successfully, DB response: [object Object]","time":"2019-10-28T10:02:39.370Z","v":0}
{"name":"Smart cycling app logger","hostname":"Cmaa-Lenovo-G570","pid":3656,"level":30,"msg":"Weather data for track points were saved successfully, DB response: [object Object]","time":"2019-10-28T10:02:39.375Z","v":0}
{"name":"Smart cycling app logger","hostname":"Cmaa-Lenovo-G570","pid":3656,"level":30,"msg":"Weather data for track points were saved successfully, DB response: [object Object]","time":"2019-10-28T10:02:39.387Z","v":0}
{"name":"Smart cycling app logger","hostname":"Cmaa-Lenovo-G570","pid":3656,"level":30,"msg":"Weather data for track points were saved successfully, DB response: [object Object]","time":"2019-10-28T10:02:39.387Z","v":0}
{"name":"Smart cycling app logger","hostname":"Cmaa-Lenovo-G570","pid":3656,"level":30,"msg":"Weather data for track points were saved successfully, DB response: [object Object]","time":"2019-10-28T10:02:39.387Z","v":0}
{"name":"Smart cycling app logger","hostname":"Cmaa-Lenovo-G570","pid":3656,"level":30,"msg":"Received weather data from OpenWeatherMap API: [object Object]","time":"2019-10-28T10:02:39.861Z","v":0}
{"name":"Smart cycling app logger","hostname":"Cmaa-Lenovo-G570","pid":3656,"level":30,"msg":"Received weather data from OpenWeatherMap API: [object Object]","time":"2019-10-28T10:02:39.865Z","v":0}
{"name":"Smart cycling app logger","hostname":"Cmaa-Lenovo-G570","pid":3656,"level":30,"msg":"Received weather data from OpenWeatherMap API: [object Object]","time":"2019-10-28T10:02:39.870Z","v":0}
{"name":"Smart cycling app logger","hostname":"Cmaa-Lenovo-G570","pid":3656,"level":30,"msg":"Weather data for track points were saved successfully, DB response: [object Object]","time":"2019-10-28T10:02:39.878Z","v":0}
{"name":"Smart cycling app logger","hostname":"Cmaa-Lenovo-G570","pid":3656,"level":30,"msg":"Weather data for track points were saved successfully, DB response: [object Object]","time":"2019-10-28T10:02:39.889Z","v":0}
{"name":"Smart cycling app logger","hostname":"Cmaa-Lenovo-G570","pid":3656,"level":30,"msg":"Weather data for track points were saved successfully, DB response: [object Object]","time":"2019-10-28T10:02:39.898Z","v":0}
{"name":"Smart cycling app logger","hostname":"Cmaa-Lenovo-G570","pid":3656,"level":30,"msg":"Received weather data from OpenWeatherMap API: [object Object]","time":"2019-10-28T10:02:41.890Z","v":0}
{"name":"Smart cycling app logger","hostname":"Cmaa-Lenovo-G570","pid":3656,"level":30,"msg":"Weather data for track points were saved successfully, DB response: [object Object]","time":"2019-10-28T10:02:41.920Z","v":0}
{"name":"Smart cycling app logger","hostname":"Cmaa-Lenovo-G570","pid":3656,"level":30,"msg":"Received weather data from OpenWeatherMap API: [object Object]","time":"2019-10-28T10:07:38.700Z","v":0}
{"name":"Smart cycling app logger","hostname":"Cmaa-Lenovo-G570","pid":3656,"level":30,"msg":"Received weather data from OpenWeatherMap API: [object Object]","time":"2019-10-28T10:07:38.710Z","v":0}
{"name":"Smart cycling app logger","hostname":"Cmaa-Lenovo-G570","pid":3656,"level":30,"msg":"Received weather data from OpenWeatherMap API: [object Object]","time":"2019-10-28T10:07:38.714Z","v":0}
{"name":"Smart cycling app logger","hostname":"Cmaa-Lenovo-G570","pid":3656,"level":30,"msg":"Received weather data from OpenWeatherMap API: [object Object]","time":"2019-10-28T10:07:38.718Z","v":0}
{"name":"Smart cycling app logger","hostname":"Cmaa-Lenovo-G570","pid":3656,"level":30,"msg":"Received weather data from OpenWeatherMap API: [object Object]","time":"2019-10-28T10:07:38.721Z","v":0}
{"name":"Smart cycling app logger","hostname":"Cmaa-Lenovo-G570","pid":3656,"level":30,"msg":"Received weather data from OpenWeatherMap API: [object Object]","time":"2019-10-28T10:07:38.725Z","v":0}
{"name":"Smart cycling app logger","hostname":"Cmaa-Lenovo-G570","pid":3656,"level":30,"msg":"Received weather data from OpenWeatherMap API: [object Object]","time":"2019-10-28T10:07:38.728Z","v":0}
{"name":"Smart cycling app logger","hostname":"Cmaa-Lenovo-G570","pid":3656,"level":30,"msg":"Received weather data from OpenWeatherMap API: [object Object]","time":"2019-10-28T10:07:38.729Z","v":0}
{"name":"Smart cycling app logger","hostname":"Cmaa-Lenovo-G570","pid":3656,"level":30,"msg":"Received weather data from OpenWeatherMap API: [object Object]","time":"2019-10-28T10:07:38.730Z","v":0}
{"name":"Smart cycling app logger","hostname":"Cmaa-Lenovo-G570","pid":3656,"level":30,"msg":"Received weather data from OpenWeatherMap API: [object Object]","time":"2019-10-28T10:07:38.731Z","v":0}
{"name":"Smart cycling app logger","hostname":"Cmaa-Lenovo-G570","pid":3656,"level":30,"msg":"Received weather data from OpenWeatherMap API: [object Object]","time":"2019-10-28T10:07:38.732Z","v":0}
{"name":"Smart cycling app logger","hostname":"Cmaa-Lenovo-G570","pid":3656,"level":30,"msg":"Received weather data from OpenWeatherMap API: [object Object]","time":"2019-10-28T10:07:38.733Z","v":0}
{"name":"Smart cycling app logger","hostname":"Cmaa-Lenovo-G570","pid":3656,"level":30,"msg":"Received weather data from OpenWeatherMap API: [object Object]","time":"2019-10-28T10:07:38.734Z","v":0}
{"name":"Smart cycling app logger","hostname":"Cmaa-Lenovo-G570","pid":3656,"level":30,"msg":"Received weather data from OpenWeatherMap API: [object Object]","time":"2019-10-28T10:07:38.735Z","v":0}
{"name":"Smart cycling app logger","hostname":"Cmaa-Lenovo-G570","pid":3656,"level":30,"msg":"Received weather data from OpenWeatherMap API: [object Object]","time":"2019-10-28T10:07:38.737Z","v":0}
{"name":"Smart cycling app logger","hostname":"Cmaa-Lenovo-G570","pid":3656,"level":30,"msg":"Received weather data from OpenWeatherMap API: [object Object]","time":"2019-10-28T10:07:38.740Z","v":0}
{"name":"Smart cycling app logger","hostname":"Cmaa-Lenovo-G570","pid":3656,"level":30,"msg":"Received weather data from OpenWeatherMap API: [object Object]","time":"2019-10-28T10:07:38.741Z","v":0}
{"name":"Smart cycling app logger","hostname":"Cmaa-Lenovo-G570","pid":3656,"level":30,"msg":"Received weather data from OpenWeatherMap API: [object Object]","time":"2019-10-28T10:07:38.742Z","v":0}
{"name":"Smart cycling app logger","hostname":"Cmaa-Lenovo-G570","pid":3656,"level":30,"msg":"Received weather data from OpenWeatherMap API: [object Object]","time":"2019-10-28T10:07:38.742Z","v":0}
{"name":"Smart cycling app logger","hostname":"Cmaa-Lenovo-G570","pid":3656,"level":30,"msg":"Received weather data from OpenWeatherMap API: [object Object]","time":"2019-10-28T10:07:38.743Z","v":0}
{"name":"Smart cycling app logger","hostname":"Cmaa-Lenovo-G570","pid":3656,"level":30,"msg":"Received weather data from OpenWeatherMap API: [object Object]","time":"2019-10-28T10:07:38.744Z","v":0}
{"name":"Smart cycling app logger","hostname":"Cmaa-Lenovo-G570","pid":3656,"level":30,"msg":"Received weather data from OpenWeatherMap API: [object Object]","time":"2019-10-28T10:07:38.745Z","v":0}
{"name":"Smart cycling app logger","hostname":"Cmaa-Lenovo-G570","pid":3656,"level":30,"msg":"Received weather data from OpenWeatherMap API: [object Object]","time":"2019-10-28T10:07:38.746Z","v":0}
{"name":"Smart cycling app logger","hostname":"Cmaa-Lenovo-G570","pid":3656,"level":30,"msg":"Received weather data from OpenWeatherMap API: [object Object]","time":"2019-10-28T10:07:38.746Z","v":0}
{"name":"Smart cycling app logger","hostname":"Cmaa-Lenovo-G570","pid":3656,"level":30,"msg":"Received weather data from OpenWeatherMap API: [object Object]","time":"2019-10-28T10:07:38.747Z","v":0}
{"name":"Smart cycling app logger","hostname":"Cmaa-Lenovo-G570","pid":3656,"level":30,"msg":"Received weather data from OpenWeatherMap API: [object Object]","time":"2019-10-28T10:07:38.748Z","v":0}
{"name":"Smart cycling app logger","hostname":"Cmaa-Lenovo-G570","pid":3656,"level":30,"msg":"Received weather data from OpenWeatherMap API: [object Object]","time":"2019-10-28T10:07:38.749Z","v":0}
{"name":"Smart cycling app logger","hostname":"Cmaa-Lenovo-G570","pid":3656,"level":30,"msg":"Received weather data from OpenWeatherMap API: [object Object]","time":"2019-10-28T10:07:38.749Z","v":0}
{"name":"Smart cycling app logger","hostname":"Cmaa-Lenovo-G570","pid":3656,"level":30,"msg":"Received weather data from OpenWeatherMap API: [object Object]","time":"2019-10-28T10:07:38.750Z","v":0}
{"name":"Smart cycling app logger","hostname":"Cmaa-Lenovo-G570","pid":3656,"level":30,"msg":"Received weather data from OpenWeatherMap API: [object Object]","time":"2019-10-28T10:07:38.750Z","v":0}
{"name":"Smart cycling app logger","hostname":"Cmaa-Lenovo-G570","pid":3656,"level":30,"msg":"Received weather data from OpenWeatherMap API: [object Object]","time":"2019-10-28T10:07:38.751Z","v":0}
{"name":"Smart cycling app logger","hostname":"Cmaa-Lenovo-G570","pid":3656,"level":30,"msg":"Received weather data from OpenWeatherMap API: [object Object]","time":"2019-10-28T10:07:38.752Z","v":0}
{"name":"Smart cycling app logger","hostname":"Cmaa-Lenovo-G570","pid":3656,"level":30,"msg":"Received weather data from OpenWeatherMap API: [object Object]","time":"2019-10-28T10:07:38.754Z","v":0}
{"name":"Smart cycling app logger","hostname":"Cmaa-Lenovo-G570","pid":3656,"level":30,"msg":"Received weather data from OpenWeatherMap API: [object Object]","time":"2019-10-28T10:07:38.755Z","v":0}
{"name":"Smart cycling app logger","hostname":"Cmaa-Lenovo-G570","pid":3656,"level":30,"msg":"Received weather data from OpenWeatherMap API: [object Object]","time":"2019-10-28T10:07:38.756Z","v":0}
{"name":"Smart cycling app logger","hostname":"Cmaa-Lenovo-G570","pid":3656,"level":30,"msg":"Received weather data from OpenWeatherMap API: [object Object]","time":"2019-10-28T10:07:38.757Z","v":0}
{"name":"Smart cycling app logger","hostname":"Cmaa-Lenovo-G570","pid":3656,"level":30,"msg":"Received weather data from OpenWeatherMap API: [object Object]","time":"2019-10-28T10:07:38.757Z","v":0}
{"name":"Smart cycling app logger","hostname":"Cmaa-Lenovo-G570","pid":3656,"level":30,"msg":"Received weather data from OpenWeatherMap API: [object Object]","time":"2019-10-28T10:07:38.758Z","v":0}
{"name":"Smart cycling app logger","hostname":"Cmaa-Lenovo-G570","pid":3656,"level":30,"msg":"Received weather data from OpenWeatherMap API: [object Object]","time":"2019-10-28T10:07:38.758Z","v":0}
{"name":"Smart cycling app logger","hostname":"Cmaa-Lenovo-G570","pid":3656,"level":30,"msg":"Received weather data from OpenWeatherMap API: [object Object]","time":"2019-10-28T10:07:38.759Z","v":0}
{"name":"Smart cycling app logger","hostname":"Cmaa-Lenovo-G570","pid":3656,"level":30,"msg":"Received weather data from OpenWeatherMap API: [object Object]","time":"2019-10-28T10:07:38.760Z","v":0}
{"name":"Smart cycling app logger","hostname":"Cmaa-Lenovo-G570","pid":3656,"level":30,"msg":"Received weather data from OpenWeatherMap API: [object Object]","time":"2019-10-28T10:07:38.760Z","v":0}
{"name":"Smart cycling app logger","hostname":"Cmaa-Lenovo-G570","pid":3656,"level":30,"msg":"Received weather data from OpenWeatherMap API: [object Object]","time":"2019-10-28T10:07:38.772Z","v":0}
{"name":"Smart cycling app logger","hostname":"Cmaa-Lenovo-G570","pid":3656,"level":30,"msg":"Weather data for track points were saved successfully, DB response: [object Object]","time":"2019-10-28T10:07:38.788Z","v":0}
{"name":"Smart cycling app logger","hostname":"Cmaa-Lenovo-G570","pid":3656,"level":30,"msg":"Weather data for track points were saved successfully, DB response: [object Object]","time":"2019-10-28T10:07:38.809Z","v":0}
{"name":"Smart cycling app logger","hostname":"Cmaa-Lenovo-G570","pid":3656,"level":30,"msg":"Weather data for track points were saved successfully, DB response: [object Object]","time":"2019-10-28T10:07:38.825Z","v":0}
{"name":"Smart cycling app logger","hostname":"Cmaa-Lenovo-G570","pid":3656,"level":30,"msg":"Weather data for track points were saved successfully, DB response: [object Object]","time":"2019-10-28T10:07:38.836Z","v":0}
{"name":"Smart cycling app logger","hostname":"Cmaa-Lenovo-G570","pid":3656,"level":30,"msg":"Weather data for track points were saved successfully, DB response: [object Object]","time":"2019-10-28T10:07:38.840Z","v":0}
{"name":"Smart cycling app logger","hostname":"Cmaa-Lenovo-G570","pid":3656,"level":30,"msg":"Weather data for track points were saved successfully, DB response: [object Object]","time":"2019-10-28T10:07:38.841Z","v":0}
{"name":"Smart cycling app logger","hostname":"Cmaa-Lenovo-G570","pid":3656,"level":30,"msg":"Weather data for track points were saved successfully, DB response: [object Object]","time":"2019-10-28T10:07:38.843Z","v":0}
{"name":"Smart cycling app logger","hostname":"Cmaa-Lenovo-G570","pid":3656,"level":30,"msg":"Weather data for track points were saved successfully, DB response: [object Object]","time":"2019-10-28T10:07:38.859Z","v":0}
{"name":"Smart cycling app logger","hostname":"Cmaa-Lenovo-G570","pid":3656,"level":30,"msg":"Weather data for track points were saved successfully, DB response: [object Object]","time":"2019-10-28T10:07:38.865Z","v":0}
{"name":"Smart cycling app logger","hostname":"Cmaa-Lenovo-G570","pid":3656,"level":30,"msg":"Weather data for track points were saved successfully, DB response: [object Object]","time":"2019-10-28T10:07:38.865Z","v":0}
{"name":"Smart cycling app logger","hostname":"Cmaa-Lenovo-G570","pid":3656,"level":30,"msg":"Weather data for track points were saved successfully, DB response: [object Object]","time":"2019-10-28T10:07:38.866Z","v":0}
{"name":"Smart cycling app logger","hostname":"Cmaa-Lenovo-G570","pid":3656,"level":30,"msg":"Weather data for track points were saved successfully, DB response: [object Object]","time":"2019-10-28T10:07:38.866Z","v":0}
{"name":"Smart cycling app logger","hostname":"Cmaa-Lenovo-G570","pid":3656,"level":30,"msg":"Weather data for track points were saved successfully, DB response: [object Object]","time":"2019-10-28T10:07:38.867Z","v":0}
{"name":"Smart cycling app logger","hostname":"Cmaa-Lenovo-G570","pid":3656,"level":30,"msg":"Weather data for track points were saved successfully, DB response: [object Object]","time":"2019-10-28T10:07:38.867Z","v":0}
{"name":"Smart cycling app logger","hostname":"Cmaa-Lenovo-G570","pid":3656,"level":30,"msg":"Weather data for track points were saved successfully, DB response: [object Object]","time":"2019-10-28T10:07:38.870Z","v":0}
{"name":"Smart cycling app logger","hostname":"Cmaa-Lenovo-G570","pid":3656,"level":30,"msg":"Weather data for track points were saved successfully, DB response: [object Object]","time":"2019-10-28T10:07:38.870Z","v":0}
{"name":"Smart cycling app logger","hostname":"Cmaa-Lenovo-G570","pid":3656,"level":30,"msg":"Weather data for track points were saved successfully, DB response: [object Object]","time":"2019-10-28T10:07:38.876Z","v":0}
{"name":"Smart cycling app logger","hostname":"Cmaa-Lenovo-G570","pid":3656,"level":30,"msg":"Weather data for track points were saved successfully, DB response: [object Object]","time":"2019-10-28T10:07:38.876Z","v":0}
{"name":"Smart cycling app logger","hostname":"Cmaa-Lenovo-G570","pid":3656,"level":30,"msg":"Weather data for track points were saved successfully, DB response: [object Object]","time":"2019-10-28T10:07:38.877Z","v":0}
{"name":"Smart cycling app logger","hostname":"Cmaa-Lenovo-G570","pid":3656,"level":30,"msg":"Weather data for track points were saved successfully, DB response: [object Object]","time":"2019-10-28T10:07:38.878Z","v":0}
{"name":"Smart cycling app logger","hostname":"Cmaa-Lenovo-G570","pid":3656,"level":30,"msg":"Weather data for track points were saved successfully, DB response: [object Object]","time":"2019-10-28T10:07:38.878Z","v":0}
{"name":"Smart cycling app logger","hostname":"Cmaa-Lenovo-G570","pid":3656,"level":30,"msg":"Weather data for track points were saved successfully, DB response: [object Object]","time":"2019-10-28T10:07:38.878Z","v":0}
{"name":"Smart cycling app logger","hostname":"Cmaa-Lenovo-G570","pid":3656,"level":30,"msg":"Weather data for track points were saved successfully, DB response: [object Object]","time":"2019-10-28T10:07:38.879Z","v":0}
{"name":"Smart cycling app logger","hostname":"Cmaa-Lenovo-G570","pid":3656,"level":30,"msg":"Weather data for track points were saved successfully, DB response: [object Object]","time":"2019-10-28T10:07:38.879Z","v":0}
{"name":"Smart cycling app logger","hostname":"Cmaa-Lenovo-G570","pid":3656,"level":30,"msg":"Weather data for track points were saved successfully, DB response: [object Object]","time":"2019-10-28T10:07:38.879Z","v":0}
{"name":"Smart cycling app logger","hostname":"Cmaa-Lenovo-G570","pid":3656,"level":30,"msg":"Weather data for track points were saved successfully, DB response: [object Object]","time":"2019-10-28T10:07:38.880Z","v":0}
{"name":"Smart cycling app logger","hostname":"Cmaa-Lenovo-G570","pid":3656,"level":30,"msg":"Weather data for track points were saved successfully, DB response: [object Object]","time":"2019-10-28T10:07:38.880Z","v":0}
{"name":"Smart cycling app logger","hostname":"Cmaa-Lenovo-G570","pid":3656,"level":30,"msg":"Weather data for track points were saved successfully, DB response: [object Object]","time":"2019-10-28T10:07:38.880Z","v":0}
{"name":"Smart cycling app logger","hostname":"Cmaa-Lenovo-G570","pid":3656,"level":30,"msg":"Weather data for track points were saved successfully, DB response: [object Object]","time":"2019-10-28T10:07:38.887Z","v":0}
{"name":"Smart cycling app logger","hostname":"Cmaa-Lenovo-G570","pid":3656,"level":30,"msg":"Weather data for track points were saved successfully, DB response: [object Object]","time":"2019-10-28T10:07:38.887Z","v":0}
{"name":"Smart cycling app logger","hostname":"Cmaa-Lenovo-G570","pid":3656,"level":30,"msg":"Weather data for track points were saved successfully, DB response: [object Object]","time":"2019-10-28T10:07:38.887Z","v":0}
{"name":"Smart cycling app logger","hostname":"Cmaa-Lenovo-G570","pid":3656,"level":30,"msg":"Weather data for track points were saved successfully, DB response: [object Object]","time":"2019-10-28T10:07:38.887Z","v":0}
{"name":"Smart cycling app logger","hostname":"Cmaa-Lenovo-G570","pid":3656,"level":30,"msg":"Weather data for track points were saved successfully, DB response: [object Object]","time":"2019-10-28T10:07:38.887Z","v":0}
{"name":"Smart cycling app logger","hostname":"Cmaa-Lenovo-G570","pid":3656,"level":30,"msg":"Weather data for track points were saved successfully, DB response: [object Object]","time":"2019-10-28T10:07:38.888Z","v":0}
{"name":"Smart cycling app logger","hostname":"Cmaa-Lenovo-G570","pid":3656,"level":30,"msg":"Weather data for track points were saved successfully, DB response: [object Object]","time":"2019-10-28T10:07:38.888Z","v":0}
{"name":"Smart cycling app logger","hostname":"Cmaa-Lenovo-G570","pid":3656,"level":30,"msg":"Weather data for track points were saved successfully, DB response: [object Object]","time":"2019-10-28T10:07:38.888Z","v":0}
{"name":"Smart cycling app logger","hostname":"Cmaa-Lenovo-G570","pid":3656,"level":30,"msg":"Weather data for track points were saved successfully, DB response: [object Object]","time":"2019-10-28T10:07:38.898Z","v":0}
{"name":"Smart cycling app logger","hostname":"Cmaa-Lenovo-G570","pid":3656,"level":30,"msg":"Weather data for track points were saved successfully, DB response: [object Object]","time":"2019-10-28T10:07:38.899Z","v":0}
{"name":"Smart cycling app logger","hostname":"Cmaa-Lenovo-G570","pid":3656,"level":30,"msg":"Weather data for track points were saved successfully, DB response: [object Object]","time":"2019-10-28T10:07:38.899Z","v":0}
{"name":"Smart cycling app logger","hostname":"Cmaa-Lenovo-G570","pid":3656,"level":30,"msg":"Weather data for track points were saved successfully, DB response: [object Object]","time":"2019-10-28T10:07:38.899Z","v":0}
{"name":"Smart cycling app logger","hostname":"Cmaa-Lenovo-G570","pid":3656,"level":30,"msg":"Weather data for track points were saved successfully, DB response: [object Object]","time":"2019-10-28T10:07:38.899Z","v":0}
{"name":"Smart cycling app logger","hostname":"Cmaa-Lenovo-G570","pid":3656,"level":30,"msg":"Weather data for track points were saved successfully, DB response: [object Object]","time":"2019-10-28T10:07:38.899Z","v":0}
{"name":"Smart cycling app logger","hostname":"Cmaa-Lenovo-G570","pid":3656,"level":30,"msg":"Weather data for track points were saved successfully, DB response: [object Object]","time":"2019-10-28T10:07:38.900Z","v":0}
{"name":"Smart cycling app logger","hostname":"Cmaa-Lenovo-G570","pid":3656,"level":30,"msg":"Received weather data from OpenWeatherMap API: [object Object]","time":"2019-10-28T10:07:39.728Z","v":0}
{"name":"Smart cycling app logger","hostname":"Cmaa-Lenovo-G570","pid":3656,"level":30,"msg":"Weather data for track points were saved successfully, DB response: [object Object]","time":"2019-10-28T10:07:39.753Z","v":0}
{"name":"Smart cycling app logger","hostname":"Cmaa-Lenovo-G570","pid":3656,"level":30,"msg":"Received weather data from OpenWeatherMap API: [object Object]","time":"2019-10-28T10:07:39.800Z","v":0}
{"name":"Smart cycling app logger","hostname":"Cmaa-Lenovo-G570","pid":3656,"level":30,"msg":"Received weather data from OpenWeatherMap API: [object Object]","time":"2019-10-28T10:07:39.803Z","v":0}
{"name":"Smart cycling app logger","hostname":"Cmaa-Lenovo-G570","pid":3656,"level":30,"msg":"Received weather data from OpenWeatherMap API: [object Object]","time":"2019-10-28T10:07:39.806Z","v":0}
{"name":"Smart cycling app logger","hostname":"Cmaa-Lenovo-G570","pid":3656,"level":30,"msg":"Weather data for track points were saved successfully, DB response: [object Object]","time":"2019-10-28T10:07:39.821Z","v":0}
{"name":"Smart cycling app logger","hostname":"Cmaa-Lenovo-G570","pid":3656,"level":30,"msg":"Weather data for track points were saved successfully, DB response: [object Object]","time":"2019-10-28T10:07:39.839Z","v":0}
{"name":"Smart cycling app logger","hostname":"Cmaa-Lenovo-G570","pid":3656,"level":30,"msg":"Weather data for track points were saved successfully, DB response: [object Object]","time":"2019-10-28T10:07:39.845Z","v":0}
{"name":"Smart cycling app logger","hostname":"Cmaa-Lenovo-G570","pid":3656,"level":30,"msg":"Received weather data from OpenWeatherMap API: [object Object]","time":"2019-10-28T10:12:38.808Z","v":0}
{"name":"Smart cycling app logger","hostname":"Cmaa-Lenovo-G570","pid":3656,"level":30,"msg":"Received weather data from OpenWeatherMap API: [object Object]","time":"2019-10-28T10:12:38.813Z","v":0}
{"name":"Smart cycling app logger","hostname":"Cmaa-Lenovo-G570","pid":3656,"level":30,"msg":"Received weather data from OpenWeatherMap API: [object Object]","time":"2019-10-28T10:12:38.818Z","v":0}
{"name":"Smart cycling app logger","hostname":"Cmaa-Lenovo-G570","pid":3656,"level":30,"msg":"Received weather data from OpenWeatherMap API: [object Object]","time":"2019-10-28T10:12:38.823Z","v":0}
{"name":"Smart cycling app logger","hostname":"Cmaa-Lenovo-G570","pid":3656,"level":30,"msg":"Received weather data from OpenWeatherMap API: [object Object]","time":"2019-10-28T10:12:38.825Z","v":0}
{"name":"Smart cycling app logger","hostname":"Cmaa-Lenovo-G570","pid":3656,"level":30,"msg":"Received weather data from OpenWeatherMap API: [object Object]","time":"2019-10-28T10:12:38.826Z","v":0}
{"name":"Smart cycling app logger","hostname":"Cmaa-Lenovo-G570","pid":3656,"level":30,"msg":"Received weather data from OpenWeatherMap API: [object Object]","time":"2019-10-28T10:12:38.827Z","v":0}
{"name":"Smart cycling app logger","hostname":"Cmaa-Lenovo-G570","pid":3656,"level":30,"msg":"Received weather data from OpenWeatherMap API: [object Object]","time":"2019-10-28T10:12:38.828Z","v":0}
{"name":"Smart cycling app logger","hostname":"Cmaa-Lenovo-G570","pid":3656,"level":30,"msg":"Received weather data from OpenWeatherMap API: [object Object]","time":"2019-10-28T10:12:38.831Z","v":0}
{"name":"Smart cycling app logger","hostname":"Cmaa-Lenovo-G570","pid":3656,"level":30,"msg":"Received weather data from OpenWeatherMap API: [object Object]","time":"2019-10-28T10:12:38.832Z","v":0}
{"name":"Smart cycling app logger","hostname":"Cmaa-Lenovo-G570","pid":3656,"level":30,"msg":"Received weather data from OpenWeatherMap API: [object Object]","time":"2019-10-28T10:12:38.833Z","v":0}
{"name":"Smart cycling app logger","hostname":"Cmaa-Lenovo-G570","pid":3656,"level":30,"msg":"Received weather data from OpenWeatherMap API: [object Object]","time":"2019-10-28T10:12:38.834Z","v":0}
{"name":"Smart cycling app logger","hostname":"Cmaa-Lenovo-G570","pid":3656,"level":30,"msg":"Received weather data from OpenWeatherMap API: [object Object]","time":"2019-10-28T10:12:38.835Z","v":0}
{"name":"Smart cycling app logger","hostname":"Cmaa-Lenovo-G570","pid":3656,"level":30,"msg":"Received weather data from OpenWeatherMap API: [object Object]","time":"2019-10-28T10:12:38.837Z","v":0}
{"name":"Smart cycling app logger","hostname":"Cmaa-Lenovo-G570","pid":3656,"level":30,"msg":"Received weather data from OpenWeatherMap API: [object Object]","time":"2019-10-28T10:12:38.843Z","v":0}
{"name":"Smart cycling app logger","hostname":"Cmaa-Lenovo-G570","pid":3656,"level":30,"msg":"Received weather data from OpenWeatherMap API: [object Object]","time":"2019-10-28T10:12:38.845Z","v":0}
{"name":"Smart cycling app logger","hostname":"Cmaa-Lenovo-G570","pid":3656,"level":30,"msg":"Received weather data from OpenWeatherMap API: [object Object]","time":"2019-10-28T10:12:38.846Z","v":0}
{"name":"Smart cycling app logger","hostname":"Cmaa-Lenovo-G570","pid":3656,"level":30,"msg":"Received weather data from OpenWeatherMap API: [object Object]","time":"2019-10-28T10:12:38.854Z","v":0}
{"name":"Smart cycling app logger","hostname":"Cmaa-Lenovo-G570","pid":3656,"level":30,"msg":"Received weather data from OpenWeatherMap API: [object Object]","time":"2019-10-28T10:12:38.856Z","v":0}
{"name":"Smart cycling app logger","hostname":"Cmaa-Lenovo-G570","pid":3656,"level":30,"msg":"Received weather data from OpenWeatherMap API: [object Object]","time":"2019-10-28T10:12:38.858Z","v":0}
{"name":"Smart cycling app logger","hostname":"Cmaa-Lenovo-G570","pid":3656,"level":30,"msg":"Received weather data from OpenWeatherMap API: [object Object]","time":"2019-10-28T10:12:38.863Z","v":0}
{"name":"Smart cycling app logger","hostname":"Cmaa-Lenovo-G570","pid":3656,"level":30,"msg":"Received weather data from OpenWeatherMap API: [object Object]","time":"2019-10-28T10:12:38.866Z","v":0}
{"name":"Smart cycling app logger","hostname":"Cmaa-Lenovo-G570","pid":3656,"level":30,"msg":"Received weather data from OpenWeatherMap API: [object Object]","time":"2019-10-28T10:12:38.869Z","v":0}
{"name":"Smart cycling app logger","hostname":"Cmaa-Lenovo-G570","pid":3656,"level":30,"msg":"Received weather data from OpenWeatherMap API: [object Object]","time":"2019-10-28T10:12:38.873Z","v":0}
{"name":"Smart cycling app logger","hostname":"Cmaa-Lenovo-G570","pid":3656,"level":30,"msg":"Received weather data from OpenWeatherMap API: [object Object]","time":"2019-10-28T10:12:38.873Z","v":0}
{"name":"Smart cycling app logger","hostname":"Cmaa-Lenovo-G570","pid":3656,"level":30,"msg":"Received weather data from OpenWeatherMap API: [object Object]","time":"2019-10-28T10:12:38.874Z","v":0}
{"name":"Smart cycling app logger","hostname":"Cmaa-Lenovo-G570","pid":3656,"level":30,"msg":"Received weather data from OpenWeatherMap API: [object Object]","time":"2019-10-28T10:12:38.876Z","v":0}
{"name":"Smart cycling app logger","hostname":"Cmaa-Lenovo-G570","pid":3656,"level":30,"msg":"Received weather data from OpenWeatherMap API: [object Object]","time":"2019-10-28T10:12:38.877Z","v":0}
{"name":"Smart cycling app logger","hostname":"Cmaa-Lenovo-G570","pid":3656,"level":30,"msg":"Received weather data from OpenWeatherMap API: [object Object]","time":"2019-10-28T10:12:38.878Z","v":0}
{"name":"Smart cycling app logger","hostname":"Cmaa-Lenovo-G570","pid":3656,"level":30,"msg":"Received weather data from OpenWeatherMap API: [object Object]","time":"2019-10-28T10:12:38.879Z","v":0}
{"name":"Smart cycling app logger","hostname":"Cmaa-Lenovo-G570","pid":3656,"level":30,"msg":"Received weather data from OpenWeatherMap API: [object Object]","time":"2019-10-28T10:12:38.879Z","v":0}
{"name":"Smart cycling app logger","hostname":"Cmaa-Lenovo-G570","pid":3656,"level":30,"msg":"Received weather data from OpenWeatherMap API: [object Object]","time":"2019-10-28T10:12:38.880Z","v":0}
{"name":"Smart cycling app logger","hostname":"Cmaa-Lenovo-G570","pid":3656,"level":30,"msg":"Received weather data from OpenWeatherMap API: [object Object]","time":"2019-10-28T10:12:38.880Z","v":0}
{"name":"Smart cycling app logger","hostname":"Cmaa-Lenovo-G570","pid":3656,"level":30,"msg":"Received weather data from OpenWeatherMap API: [object Object]","time":"2019-10-28T10:12:38.881Z","v":0}
{"name":"Smart cycling app logger","hostname":"Cmaa-Lenovo-G570","pid":3656,"level":30,"msg":"Received weather data from OpenWeatherMap API: [object Object]","time":"2019-10-28T10:12:38.881Z","v":0}
{"name":"Smart cycling app logger","hostname":"Cmaa-Lenovo-G570","pid":3656,"level":30,"msg":"Received weather data from OpenWeatherMap API: [object Object]","time":"2019-10-28T10:12:38.882Z","v":0}
{"name":"Smart cycling app logger","hostname":"Cmaa-Lenovo-G570","pid":3656,"level":30,"msg":"Received weather data from OpenWeatherMap API: [object Object]","time":"2019-10-28T10:12:38.883Z","v":0}
{"name":"Smart cycling app logger","hostname":"Cmaa-Lenovo-G570","pid":3656,"level":30,"msg":"Received weather data from OpenWeatherMap API: [object Object]","time":"2019-10-28T10:12:38.883Z","v":0}
{"name":"Smart cycling app logger","hostname":"Cmaa-Lenovo-G570","pid":3656,"level":30,"msg":"Received weather data from OpenWeatherMap API: [object Object]","time":"2019-10-28T10:12:38.884Z","v":0}
{"name":"Smart cycling app logger","hostname":"Cmaa-Lenovo-G570","pid":3656,"level":30,"msg":"Received weather data from OpenWeatherMap API: [object Object]","time":"2019-10-28T10:12:38.885Z","v":0}
{"name":"Smart cycling app logger","hostname":"Cmaa-Lenovo-G570","pid":3656,"level":30,"msg":"Received weather data from OpenWeatherMap API: [object Object]","time":"2019-10-28T10:12:38.885Z","v":0}
{"name":"Smart cycling app logger","hostname":"Cmaa-Lenovo-G570","pid":3656,"level":30,"msg":"Received weather data from OpenWeatherMap API: [object Object]","time":"2019-10-28T10:12:38.886Z","v":0}
{"name":"Smart cycling app logger","hostname":"Cmaa-Lenovo-G570","pid":3656,"level":30,"msg":"Weather data for track points were saved successfully, DB response: [object Object]","time":"2019-10-28T10:12:38.894Z","v":0}
{"name":"Smart cycling app logger","hostname":"Cmaa-Lenovo-G570","pid":3656,"level":30,"msg":"Weather data for track points were saved successfully, DB response: [object Object]","time":"2019-10-28T10:12:38.914Z","v":0}
{"name":"Smart cycling app logger","hostname":"Cmaa-Lenovo-G570","pid":3656,"level":30,"msg":"Weather data for track points were saved successfully, DB response: [object Object]","time":"2019-10-28T10:12:38.932Z","v":0}
{"name":"Smart cycling app logger","hostname":"Cmaa-Lenovo-G570","pid":3656,"level":30,"msg":"Weather data for track points were saved successfully, DB response: [object Object]","time":"2019-10-28T10:12:38.943Z","v":0}
{"name":"Smart cycling app logger","hostname":"Cmaa-Lenovo-G570","pid":3656,"level":30,"msg":"Weather data for track points were saved successfully, DB response: [object Object]","time":"2019-10-28T10:12:38.954Z","v":0}
{"name":"Smart cycling app logger","hostname":"Cmaa-Lenovo-G570","pid":3656,"level":30,"msg":"Weather data for track points were saved successfully, DB response: [object Object]","time":"2019-10-28T10:12:38.958Z","v":0}
{"name":"Smart cycling app logger","hostname":"Cmaa-Lenovo-G570","pid":3656,"level":30,"msg":"Weather data for track points were saved successfully, DB response: [object Object]","time":"2019-10-28T10:12:38.959Z","v":0}
{"name":"Smart cycling app logger","hostname":"Cmaa-Lenovo-G570","pid":3656,"level":30,"msg":"Weather data for track points were saved successfully, DB response: [object Object]","time":"2019-10-28T10:12:38.959Z","v":0}
{"name":"Smart cycling app logger","hostname":"Cmaa-Lenovo-G570","pid":3656,"level":30,"msg":"Weather data for track points were saved successfully, DB response: [object Object]","time":"2019-10-28T10:12:38.959Z","v":0}
{"name":"Smart cycling app logger","hostname":"Cmaa-Lenovo-G570","pid":3656,"level":30,"msg":"Weather data for track points were saved successfully, DB response: [object Object]","time":"2019-10-28T10:12:38.960Z","v":0}
{"name":"Smart cycling app logger","hostname":"Cmaa-Lenovo-G570","pid":3656,"level":30,"msg":"Weather data for track points were saved successfully, DB response: [object Object]","time":"2019-10-28T10:12:38.960Z","v":0}
{"name":"Smart cycling app logger","hostname":"Cmaa-Lenovo-G570","pid":3656,"level":30,"msg":"Weather data for track points were saved successfully, DB response: [object Object]","time":"2019-10-28T10:12:38.961Z","v":0}
{"name":"Smart cycling app logger","hostname":"Cmaa-Lenovo-G570","pid":3656,"level":30,"msg":"Weather data for track points were saved successfully, DB response: [object Object]","time":"2019-10-28T10:12:38.961Z","v":0}
{"name":"Smart cycling app logger","hostname":"Cmaa-Lenovo-G570","pid":3656,"level":30,"msg":"Weather data for track points were saved successfully, DB response: [object Object]","time":"2019-10-28T10:12:38.964Z","v":0}
{"name":"Smart cycling app logger","hostname":"Cmaa-Lenovo-G570","pid":3656,"level":30,"msg":"Weather data for track points were saved successfully, DB response: [object Object]","time":"2019-10-28T10:12:38.965Z","v":0}
{"name":"Smart cycling app logger","hostname":"Cmaa-Lenovo-G570","pid":3656,"level":30,"msg":"Weather data for track points were saved successfully, DB response: [object Object]","time":"2019-10-28T10:12:38.966Z","v":0}
{"name":"Smart cycling app logger","hostname":"Cmaa-Lenovo-G570","pid":3656,"level":30,"msg":"Weather data for track points were saved successfully, DB response: [object Object]","time":"2019-10-28T10:12:38.972Z","v":0}
{"name":"Smart cycling app logger","hostname":"Cmaa-Lenovo-G570","pid":3656,"level":30,"msg":"Weather data for track points were saved successfully, DB response: [object Object]","time":"2019-10-28T10:12:38.972Z","v":0}
{"name":"Smart cycling app logger","hostname":"Cmaa-Lenovo-G570","pid":3656,"level":30,"msg":"Weather data for track points were saved successfully, DB response: [object Object]","time":"2019-10-28T10:12:38.973Z","v":0}
{"name":"Smart cycling app logger","hostname":"Cmaa-Lenovo-G570","pid":3656,"level":30,"msg":"Weather data for track points were saved successfully, DB response: [object Object]","time":"2019-10-28T10:12:38.980Z","v":0}
{"name":"Smart cycling app logger","hostname":"Cmaa-Lenovo-G570","pid":3656,"level":30,"msg":"Weather data for track points were saved successfully, DB response: [object Object]","time":"2019-10-28T10:12:38.981Z","v":0}
{"name":"Smart cycling app logger","hostname":"Cmaa-Lenovo-G570","pid":3656,"level":30,"msg":"Weather data for track points were saved successfully, DB response: [object Object]","time":"2019-10-28T10:12:38.989Z","v":0}
{"name":"Smart cycling app logger","hostname":"Cmaa-Lenovo-G570","pid":3656,"level":30,"msg":"Weather data for track points were saved successfully, DB response: [object Object]","time":"2019-10-28T10:12:38.989Z","v":0}
{"name":"Smart cycling app logger","hostname":"Cmaa-Lenovo-G570","pid":3656,"level":30,"msg":"Weather data for track points were saved successfully, DB response: [object Object]","time":"2019-10-28T10:12:38.990Z","v":0}
{"name":"Smart cycling app logger","hostname":"Cmaa-Lenovo-G570","pid":3656,"level":30,"msg":"Weather data for track points were saved successfully, DB response: [object Object]","time":"2019-10-28T10:12:38.990Z","v":0}
{"name":"Smart cycling app logger","hostname":"Cmaa-Lenovo-G570","pid":3656,"level":30,"msg":"Weather data for track points were saved successfully, DB response: [object Object]","time":"2019-10-28T10:12:38.990Z","v":0}
{"name":"Smart cycling app logger","hostname":"Cmaa-Lenovo-G570","pid":3656,"level":30,"msg":"Weather data for track points were saved successfully, DB response: [object Object]","time":"2019-10-28T10:12:38.990Z","v":0}
{"name":"Smart cycling app logger","hostname":"Cmaa-Lenovo-G570","pid":3656,"level":30,"msg":"Weather data for track points were saved successfully, DB response: [object Object]","time":"2019-10-28T10:12:38.990Z","v":0}
{"name":"Smart cycling app logger","hostname":"Cmaa-Lenovo-G570","pid":3656,"level":30,"msg":"Weather data for track points were saved successfully, DB response: [object Object]","time":"2019-10-28T10:12:38.990Z","v":0}
{"name":"Smart cycling app logger","hostname":"Cmaa-Lenovo-G570","pid":3656,"level":30,"msg":"Weather data for track points were saved successfully, DB response: [object Object]","time":"2019-10-28T10:12:38.990Z","v":0}
{"name":"Smart cycling app logger","hostname":"Cmaa-Lenovo-G570","pid":3656,"level":30,"msg":"Weather data for track points were saved successfully, DB response: [object Object]","time":"2019-10-28T10:12:38.990Z","v":0}
{"name":"Smart cycling app logger","hostname":"Cmaa-Lenovo-G570","pid":3656,"level":30,"msg":"Weather data for track points were saved successfully, DB response: [object Object]","time":"2019-10-28T10:12:38.990Z","v":0}
{"name":"Smart cycling app logger","hostname":"Cmaa-Lenovo-G570","pid":3656,"level":30,"msg":"Weather data for track points were saved successfully, DB response: [object Object]","time":"2019-10-28T10:12:38.990Z","v":0}
{"name":"Smart cycling app logger","hostname":"Cmaa-Lenovo-G570","pid":3656,"level":30,"msg":"Weather data for track points were saved successfully, DB response: [object Object]","time":"2019-10-28T10:12:38.999Z","v":0}
{"name":"Smart cycling app logger","hostname":"Cmaa-Lenovo-G570","pid":3656,"level":30,"msg":"Weather data for track points were saved successfully, DB response: [object Object]","time":"2019-10-28T10:12:38.999Z","v":0}
{"name":"Smart cycling app logger","hostname":"Cmaa-Lenovo-G570","pid":3656,"level":30,"msg":"Weather data for track points were saved successfully, DB response: [object Object]","time":"2019-10-28T10:12:38.999Z","v":0}
{"name":"Smart cycling app logger","hostname":"Cmaa-Lenovo-G570","pid":3656,"level":30,"msg":"Weather data for track points were saved successfully, DB response: [object Object]","time":"2019-10-28T10:12:38.999Z","v":0}
{"name":"Smart cycling app logger","hostname":"Cmaa-Lenovo-G570","pid":3656,"level":30,"msg":"Weather data for track points were saved successfully, DB response: [object Object]","time":"2019-10-28T10:12:38.999Z","v":0}
{"name":"Smart cycling app logger","hostname":"Cmaa-Lenovo-G570","pid":3656,"level":30,"msg":"Weather data for track points were saved successfully, DB response: [object Object]","time":"2019-10-28T10:12:39.000Z","v":0}
{"name":"Smart cycling app logger","hostname":"Cmaa-Lenovo-G570","pid":3656,"level":30,"msg":"Weather data for track points were saved successfully, DB response: [object Object]","time":"2019-10-28T10:12:39.000Z","v":0}
{"name":"Smart cycling app logger","hostname":"Cmaa-Lenovo-G570","pid":3656,"level":30,"msg":"Weather data for track points were saved successfully, DB response: [object Object]","time":"2019-10-28T10:12:39.000Z","v":0}
{"name":"Smart cycling app logger","hostname":"Cmaa-Lenovo-G570","pid":3656,"level":30,"msg":"Weather data for track points were saved successfully, DB response: [object Object]","time":"2019-10-28T10:12:39.010Z","v":0}
{"name":"Smart cycling app logger","hostname":"Cmaa-Lenovo-G570","pid":3656,"level":30,"msg":"Received weather data from OpenWeatherMap API: [object Object]","time":"2019-10-28T10:12:39.825Z","v":0}
{"name":"Smart cycling app logger","hostname":"Cmaa-Lenovo-G570","pid":3656,"level":30,"msg":"Received weather data from OpenWeatherMap API: [object Object]","time":"2019-10-28T10:12:39.830Z","v":0}
{"name":"Smart cycling app logger","hostname":"Cmaa-Lenovo-G570","pid":3656,"level":30,"msg":"Received weather data from OpenWeatherMap API: [object Object]","time":"2019-10-28T10:12:39.832Z","v":0}
{"name":"Smart cycling app logger","hostname":"Cmaa-Lenovo-G570","pid":3656,"level":30,"msg":"Weather data for track points were saved successfully, DB response: [object Object]","time":"2019-10-28T10:12:39.855Z","v":0}
{"name":"Smart cycling app logger","hostname":"Cmaa-Lenovo-G570","pid":3656,"level":30,"msg":"Weather data for track points were saved successfully, DB response: [object Object]","time":"2019-10-28T10:12:39.866Z","v":0}
{"name":"Smart cycling app logger","hostname":"Cmaa-Lenovo-G570","pid":3656,"level":30,"msg":"Received weather data from OpenWeatherMap API: [object Object]","time":"2019-10-28T10:12:39.867Z","v":0}
{"name":"Smart cycling app logger","hostname":"Cmaa-Lenovo-G570","pid":3656,"level":30,"msg":"Weather data for track points were saved successfully, DB response: [object Object]","time":"2019-10-28T10:12:39.869Z","v":0}
{"name":"Smart cycling app logger","hostname":"Cmaa-Lenovo-G570","pid":3656,"level":30,"msg":"Received weather data from OpenWeatherMap API: [object Object]","time":"2019-10-28T10:12:39.873Z","v":0}
{"name":"Smart cycling app logger","hostname":"Cmaa-Lenovo-G570","pid":3656,"level":30,"msg":"Weather data for track points were saved successfully, DB response: [object Object]","time":"2019-10-28T10:12:39.877Z","v":0}
{"name":"Smart cycling app logger","hostname":"Cmaa-Lenovo-G570","pid":3656,"level":30,"msg":"Weather data for track points were saved successfully, DB response: [object Object]","time":"2019-10-28T10:12:39.888Z","v":0}
